  [1m[35m (2156.5ms)[0m  [1m[35mCREATE DATABASE "cats99_development" ENCODING = 'unicode'[0m
  ↳ bin/rails:9
  [1m[35m (886.3ms)[0m  [1m[35mCREATE DATABASE "cats99_test" ENCODING = 'unicode'[0m
  ↳ bin/rails:9
  [1m[35m (240.4ms)[0m  [1m[35mCREATE TABLE "schema_migrations" ("version" character varying NOT NULL PRIMARY KEY)[0m
  ↳ bin/rails:9
  [1m[35m (21.1ms)[0m  [1m[35mCREATE TABLE "ar_internal_metadata" ("key" character varying NOT NULL PRIMARY KEY, "value" character varying, "created_at" timestamp NOT NULL, "updated_at" timestamp NOT NULL)[0m
  ↳ bin/rails:9
  [1m[35m (31.4ms)[0m  [1m[34mSELECT pg_try_advisory_lock(7809834472913233005)[0m
  ↳ bin/rails:9
  [1m[35m (3.3ms)[0m  [1m[34mSELECT "schema_migrations"."version" FROM "schema_migrations" ORDER BY "schema_migrations"."version" ASC[0m
  ↳ bin/rails:9
Migrating to CreateCats (20200904185115)
  [1m[35m (0.5ms)[0m  [1m[35mBEGIN[0m
  ↳ bin/rails:9
  [1m[35m (40.4ms)[0m  [1m[31mROLLBACK[0m
  ↳ bin/rails:9
  [1m[35m (0.3ms)[0m  [1m[34mSELECT pg_advisory_unlock(7809834472913233005)[0m
  ↳ bin/rails:9
  [1m[35m (0.7ms)[0m  [1m[34mSELECT pg_try_advisory_lock(7809834472913233005)[0m
  ↳ bin/rails:9
  [1m[35m (9.3ms)[0m  [1m[34mSELECT "schema_migrations"."version" FROM "schema_migrations" ORDER BY "schema_migrations"."version" ASC[0m
  ↳ bin/rails:9
Migrating to CreateCats (20200904185115)
  [1m[35m (0.2ms)[0m  [1m[35mBEGIN[0m
  ↳ bin/rails:9
  [1m[35m (128.0ms)[0m  [1m[35mCREATE TABLE "cats" ("id" bigserial primary key, "birth_date" date NOT NULL, "color" character varying, "name" character varying NOT NULL, "sex" character varying(1), "description" text, "created_at" timestamp NOT NULL, "updated_at" timestamp NOT NULL)[0m
  ↳ db/migrate/20200904185115_create_cats.rb:3
  [1m[36mActiveRecord::SchemaMigration Create (9.8ms)[0m  [1m[32mINSERT INTO "schema_migrations" ("version") VALUES ($1) RETURNING "version"[0m  [["version", "20200904185115"]]
  ↳ bin/rails:9
  [1m[35m (4.6ms)[0m  [1m[35mCOMMIT[0m
  ↳ bin/rails:9
  [1m[36mActiveRecord::InternalMetadata Load (3.0ms)[0m  [1m[34mSELECT  "ar_internal_metadata".* FROM "ar_internal_metadata" WHERE "ar_internal_metadata"."key" = $1 LIMIT $2[0m  [["key", "environment"], ["LIMIT", 1]]
  ↳ bin/rails:9
  [1m[35m (10.9ms)[0m  [1m[35mBEGIN[0m
  ↳ bin/rails:9
  [1m[36mActiveRecord::InternalMetadata Create (24.1ms)[0m  [1m[32mINSERT INTO "ar_internal_metadata" ("key", "value", "created_at", "updated_at") VALUES ($1, $2, $3, $4) RETURNING "key"[0m  [["key", "environment"], ["value", "development"], ["created_at", "2020-09-04 18:57:26.156290"], ["updated_at", "2020-09-04 18:57:26.156290"]]
  ↳ bin/rails:9
  [1m[35m (9.6ms)[0m  [1m[35mCOMMIT[0m
  ↳ bin/rails:9
  [1m[35m (1.9ms)[0m  [1m[34mSELECT pg_advisory_unlock(7809834472913233005)[0m
  ↳ bin/rails:9
  [1m[35m (2.5ms)[0m  [1m[34mSELECT "schema_migrations"."version" FROM "schema_migrations" ORDER BY "schema_migrations"."version" ASC[0m
  ↳ bin/rails:9
  [1m[35m (0.8ms)[0m  [1m[35mBEGIN[0m
  [1m[35m (0.3ms)[0m  [1m[31mROLLBACK[0m
  [1m[35m (0.2ms)[0m  [1m[35mBEGIN[0m
  [1m[35m (8.6ms)[0m  [1m[31mROLLBACK[0m
  [1m[35m (5.2ms)[0m  [1m[35mBEGIN[0m
  [1m[35m (2.2ms)[0m  [1m[31mROLLBACK[0m
  [1m[35m (0.2ms)[0m  [1m[35mBEGIN[0m
  [1m[36mCat Create (24.8ms)[0m  [1m[32mINSERT INTO "cats" ("color", "created_at", "updated_at") VALUES ($1, $2, $3) RETURNING "id"[0m  [["color", "black"], ["created_at", "2020-09-04 19:10:43.343317"], ["updated_at", "2020-09-04 19:10:43.343317"]]
  [1m[35m (0.6ms)[0m  [1m[31mROLLBACK[0m
  [1m[35m (0.3ms)[0m  [1m[34mSELECT pg_try_advisory_lock(7809834472913233005)[0m
  ↳ bin/rails:9
  [1m[35m (1.5ms)[0m  [1m[34mSELECT "schema_migrations"."version" FROM "schema_migrations" ORDER BY "schema_migrations"."version" ASC[0m
  ↳ bin/rails:9
Migrating to AddConstraintsToCats (20200904191549)
  [1m[35m (2.9ms)[0m  [1m[35mBEGIN[0m
  ↳ bin/rails:9
  [1m[35m (16.2ms)[0m  [1m[35mALTER TABLE "cats" ALTER COLUMN "description" SET NOT NULL[0m
  ↳ db/migrate/20200904191549_add_constraints_to_cats.rb:3
  [1m[35m (0.8ms)[0m  [1m[35mALTER TABLE "cats" ALTER COLUMN "color" SET NOT NULL[0m
  ↳ db/migrate/20200904191549_add_constraints_to_cats.rb:4
  [1m[35m (24.9ms)[0m  [1m[35mALTER TABLE "cats" ALTER COLUMN "sex" SET NOT NULL[0m
  ↳ db/migrate/20200904191549_add_constraints_to_cats.rb:5
  [1m[36mActiveRecord::SchemaMigration Create (0.7ms)[0m  [1m[32mINSERT INTO "schema_migrations" ("version") VALUES ($1) RETURNING "version"[0m  [["version", "20200904191549"]]
  ↳ bin/rails:9
  [1m[35m (3.9ms)[0m  [1m[35mCOMMIT[0m
  ↳ bin/rails:9
  [1m[36mActiveRecord::InternalMetadata Load (12.6ms)[0m  [1m[34mSELECT  "ar_internal_metadata".* FROM "ar_internal_metadata" WHERE "ar_internal_metadata"."key" = $1 LIMIT $2[0m  [["key", "environment"], ["LIMIT", 1]]
  ↳ bin/rails:9
  [1m[35m (0.2ms)[0m  [1m[35mBEGIN[0m
  ↳ bin/rails:9
  [1m[35m (0.1ms)[0m  [1m[35mCOMMIT[0m
  ↳ bin/rails:9
  [1m[35m (0.4ms)[0m  [1m[34mSELECT pg_advisory_unlock(7809834472913233005)[0m
  ↳ bin/rails:9
  [1m[35m (0.3ms)[0m  [1m[34mSELECT "schema_migrations"."version" FROM "schema_migrations" ORDER BY "schema_migrations"."version" ASC[0m
  ↳ bin/rails:9
  [1m[35m (25.5ms)[0m  [1m[35mBEGIN[0m
  [1m[35m (5.9ms)[0m  [1m[31mROLLBACK[0m
Started GET "/" for ::1 at 2020-09-04 13:59:30 -0700
  [1m[35m (1.3ms)[0m  [1m[34mSELECT "schema_migrations"."version" FROM "schema_migrations" ORDER BY "schema_migrations"."version" ASC[0m
  ↳ /Users/NateOh/.rbenv/versions/2.5.1/lib/ruby/gems/2.5.0/gems/activerecord-5.2.4.3/lib/active_record/log_subscriber.rb:98
Processing by Rails::WelcomeController#index as HTML
  Rendering /Users/NateOh/.rbenv/versions/2.5.1/lib/ruby/gems/2.5.0/gems/railties-5.2.4.3/lib/rails/templates/rails/welcome/index.html.erb
  Rendered /Users/NateOh/.rbenv/versions/2.5.1/lib/ruby/gems/2.5.0/gems/railties-5.2.4.3/lib/rails/templates/rails/welcome/index.html.erb (26.8ms)
Completed 200 OK in 102ms (Views: 50.9ms | ActiveRecord: 0.0ms)


Started GET "/cats" for ::1 at 2020-09-04 13:59:36 -0700
Processing by CatsController#index as HTML
  Rendering cats/index.html.erb within layouts/application
  Rendered cats/index.html.erb within layouts/application (27.3ms)
Completed 500 Internal Server Error in 122ms (ActiveRecord: 0.0ms)



SyntaxError - syntax error, unexpected end-of-input, expecting keyword_end
          end
             ^:
  app/views/cats/index.html.erb:14:in `'
  app/controllers/cats_controller.rb:5:in `index'

Started POST "/__better_errors/e86a43bddc0b7749/variables" for ::1 at 2020-09-04 13:59:37 -0700
Started GET "/cats" for ::1 at 2020-09-04 14:00:16 -0700
Processing by CatsController#index as HTML
  Rendering cats/index.html.erb within layouts/application
  [1m[36mCat Load (122.1ms)[0m  [1m[34mSELECT "cats".* FROM "cats"[0m
  ↳ app/views/cats/index.html.erb:4
  Rendered cats/index.html.erb within layouts/application (187.5ms)
Completed 200 OK in 4130ms (Views: 3993.1ms | ActiveRecord: 136.2ms)


  [1m[35m (1.9ms)[0m  [1m[34mSELECT "schema_migrations"."version" FROM "schema_migrations" ORDER BY "schema_migrations"."version" ASC[0m
  ↳ bin/rails:9
Started GET "/cats" for ::1 at 2020-09-04 14:09:14 -0700
Processing by CatsController#index as HTML
  Rendering cats/index.html.erb within layouts/application
  [1m[36mCat Load (1.5ms)[0m  [1m[34mSELECT "cats".* FROM "cats"[0m
  ↳ app/views/cats/index.html.erb:4
  Rendered cats/index.html.erb within layouts/application (76.8ms)
Completed 200 OK in 159ms (Views: 73.8ms | ActiveRecord: 73.4ms)


  [1m[36mCat Load (1.1ms)[0m  [1m[34mSELECT "cats".* FROM "cats"[0m
  [1m[35m (1.2ms)[0m  [1m[34mSELECT "schema_migrations"."version" FROM "schema_migrations" ORDER BY "schema_migrations"."version" ASC[0m
  ↳ bin/rails:9
  [1m[35m (0.2ms)[0m  [1m[35mBEGIN[0m
  ↳ db/seeds.rb:9
  [1m[36mCat Create (5.3ms)[0m  [1m[32mINSERT INTO "cats" ("birth_date", "color", "name", "sex", "description", "created_at", "updated_at") VALUES ($1, $2, $3, $4, $5, $6, $7) RETURNING "id"[0m  [["birth_date", "2000-09-04"], ["color", "black"], ["name", "nate"], ["sex", "M"], ["description", "blahblahblah"], ["created_at", "2020-09-04 21:10:41.021703"], ["updated_at", "2020-09-04 21:10:41.021703"]]
  ↳ db/seeds.rb:9
  [1m[35m (1.3ms)[0m  [1m[35mCOMMIT[0m
  ↳ db/seeds.rb:9
  [1m[35m (0.2ms)[0m  [1m[35mBEGIN[0m
  ↳ db/seeds.rb:10
  [1m[36mCat Create (0.4ms)[0m  [1m[32mINSERT INTO "cats" ("birth_date", "color", "name", "sex", "description", "created_at", "updated_at") VALUES ($1, $2, $3, $4, $5, $6, $7) RETURNING "id"[0m  [["birth_date", "2000-05-12"], ["color", "pink"], ["name", "malcolm"], ["sex", "M"], ["description", "blahblahblah"], ["created_at", "2020-09-04 21:10:41.030796"], ["updated_at", "2020-09-04 21:10:41.030796"]]
  ↳ db/seeds.rb:10
  [1m[35m (0.6ms)[0m  [1m[35mCOMMIT[0m
  ↳ db/seeds.rb:10
Started GET "/cats" for ::1 at 2020-09-04 14:10:49 -0700
Processing by CatsController#index as HTML
  Rendering cats/index.html.erb within layouts/application
  [1m[36mCat Load (13.3ms)[0m  [1m[34mSELECT "cats".* FROM "cats"[0m
  ↳ app/views/cats/index.html.erb:4
  Rendered cats/index.html.erb within layouts/application (319.2ms)
Completed 200 OK in 444ms (Views: 196.3ms | ActiveRecord: 246.4ms)


Started GET "/cats" for ::1 at 2020-09-04 14:11:04 -0700
Processing by CatsController#index as HTML
  Rendering cats/index.html.erb within layouts/application
  [1m[36mCat Load (2.9ms)[0m  [1m[34mSELECT "cats".* FROM "cats"[0m
  ↳ app/views/cats/index.html.erb:4
  Rendered cats/index.html.erb within layouts/application (10.8ms)
Completed 200 OK in 88ms (Views: 84.4ms | ActiveRecord: 2.9ms)


Started GET "/cats" for ::1 at 2020-09-04 14:11:07 -0700
Processing by CatsController#index as HTML
  Rendering cats/index.html.erb within layouts/application
  [1m[36mCat Load (17.7ms)[0m  [1m[34mSELECT "cats".* FROM "cats"[0m
  ↳ app/views/cats/index.html.erb:4
  Rendered cats/index.html.erb within layouts/application (29.4ms)
Completed 200 OK in 120ms (Views: 100.2ms | ActiveRecord: 17.7ms)


Started GET "/cats" for ::1 at 2020-09-04 14:11:08 -0700
Processing by CatsController#index as HTML
  Rendering cats/index.html.erb within layouts/application
  [1m[36mCat Load (7.2ms)[0m  [1m[34mSELECT "cats".* FROM "cats"[0m
  ↳ app/views/cats/index.html.erb:4
  Rendered cats/index.html.erb within layouts/application (11.7ms)
Completed 200 OK in 89ms (Views: 80.5ms | ActiveRecord: 7.2ms)


Started GET "/cats" for ::1 at 2020-09-04 14:11:09 -0700
Processing by CatsController#index as HTML
  Rendering cats/index.html.erb within layouts/application
  [1m[36mCat Load (23.3ms)[0m  [1m[34mSELECT "cats".* FROM "cats"[0m
  ↳ app/views/cats/index.html.erb:4
  Rendered cats/index.html.erb within layouts/application (29.6ms)
Completed 200 OK in 103ms (Views: 77.5ms | ActiveRecord: 23.3ms)


Started GET "/cats" for ::1 at 2020-09-04 14:11:29 -0700
Processing by CatsController#index as HTML
  Rendering cats/index.html.erb within layouts/application
  [1m[36mCat Load (0.4ms)[0m  [1m[34mSELECT "cats".* FROM "cats"[0m
  ↳ app/views/cats/index.html.erb:4
  Rendered cats/index.html.erb within layouts/application (7.9ms)
Completed 200 OK in 92ms (Views: 90.9ms | ActiveRecord: 0.4ms)


Started GET "/cats/1" for ::1 at 2020-09-04 14:11:43 -0700
Processing by CatsController#show as HTML
  Parameters: {"id"=>"1"}
  [1m[36mCat Load (2.4ms)[0m  [1m[34mSELECT  "cats".* FROM "cats" WHERE "cats"."id" = $1 LIMIT $2[0m  [["id", 1], ["LIMIT", 1]]
  ↳ app/controllers/cats_controller.rb:9
Completed 404 Not Found in 63ms (ActiveRecord: 15.6ms)



ActiveRecord::RecordNotFound - Couldn't find Cat with 'id'=1:
  app/controllers/cats_controller.rb:9:in `show'

Started POST "/__better_errors/b48195639944768e/variables" for ::1 at 2020-09-04 14:11:44 -0700
  [1m[36mCat Load (0.6ms)[0m  [1m[34mSELECT  "cats".* FROM "cats" ORDER BY "cats"."id" ASC LIMIT $1[0m  [["LIMIT", 1]]
Started GET "/cats/2" for ::1 at 2020-09-04 14:12:00 -0700
Processing by CatsController#show as HTML
  Parameters: {"id"=>"2"}
  [1m[36mCat Load (1.2ms)[0m  [1m[34mSELECT  "cats".* FROM "cats" WHERE "cats"."id" = $1 LIMIT $2[0m  [["id", 2], ["LIMIT", 1]]
  ↳ app/controllers/cats_controller.rb:9
  Rendering cats/show.html.erb within layouts/application
  Rendered cats/show.html.erb within layouts/application (1.8ms)
Completed 200 OK in 135ms (Views: 129.1ms | ActiveRecord: 1.2ms)


Started GET "/cats/3" for ::1 at 2020-09-04 14:12:08 -0700
Processing by CatsController#show as HTML
  Parameters: {"id"=>"3"}
  [1m[36mCat Load (2.6ms)[0m  [1m[34mSELECT  "cats".* FROM "cats" WHERE "cats"."id" = $1 LIMIT $2[0m  [["id", 3], ["LIMIT", 1]]
  ↳ app/controllers/cats_controller.rb:9
  Rendering cats/show.html.erb within layouts/application
  Rendered cats/show.html.erb within layouts/application (1.4ms)
Completed 200 OK in 98ms (Views: 92.5ms | ActiveRecord: 2.6ms)


Started GET "/cats/2" for ::1 at 2020-09-04 14:12:15 -0700
Processing by CatsController#show as HTML
  Parameters: {"id"=>"2"}
  [1m[36mCat Load (4.1ms)[0m  [1m[34mSELECT  "cats".* FROM "cats" WHERE "cats"."id" = $1 LIMIT $2[0m  [["id", 2], ["LIMIT", 1]]
  ↳ app/controllers/cats_controller.rb:9
  Rendering cats/show.html.erb within layouts/application
  Rendered cats/show.html.erb within layouts/application (2.2ms)
Completed 200 OK in 104ms (Views: 95.3ms | ActiveRecord: 4.1ms)


Started GET "/cats/3" for ::1 at 2020-09-04 14:12:29 -0700
Processing by CatsController#show as HTML
  Parameters: {"id"=>"3"}
  [1m[36mCat Load (2.3ms)[0m  [1m[34mSELECT  "cats".* FROM "cats" WHERE "cats"."id" = $1 LIMIT $2[0m  [["id", 3], ["LIMIT", 1]]
  ↳ app/controllers/cats_controller.rb:9
  Rendering cats/show.html.erb within layouts/application
  Rendered cats/show.html.erb within layouts/application (7.6ms)
Completed 200 OK in 100ms (Views: 95.4ms | ActiveRecord: 2.3ms)


Started GET "/cats/2" for ::1 at 2020-09-04 14:12:34 -0700
Processing by CatsController#show as HTML
  Parameters: {"id"=>"2"}
  [1m[36mCat Load (38.3ms)[0m  [1m[34mSELECT  "cats".* FROM "cats" WHERE "cats"."id" = $1 LIMIT $2[0m  [["id", 2], ["LIMIT", 1]]
  ↳ app/controllers/cats_controller.rb:9
  Rendering cats/show.html.erb within layouts/application
  Rendered cats/show.html.erb within layouts/application (1.7ms)
Completed 200 OK in 200ms (Views: 159.6ms | ActiveRecord: 38.3ms)


Started GET "/cats/2" for ::1 at 2020-09-04 14:23:18 -0700
  [1m[35m (21.2ms)[0m  [1m[34mSELECT "schema_migrations"."version" FROM "schema_migrations" ORDER BY "schema_migrations"."version" ASC[0m
  ↳ /Users/NateOh/.rbenv/versions/2.5.1/lib/ruby/gems/2.5.0/gems/activerecord-5.2.4.3/lib/active_record/log_subscriber.rb:98
Processing by CatsController#show as HTML
  Parameters: {"id"=>"2"}
  [1m[36mCat Load (1.1ms)[0m  [1m[34mSELECT  "cats".* FROM "cats" WHERE "cats"."id" = $1 LIMIT $2[0m  [["id", 2], ["LIMIT", 1]]
  ↳ app/controllers/cats_controller.rb:9
  Rendering cats/show.html.erb within layouts/application
  Rendered cats/show.html.erb within layouts/application (8.2ms)
Started GET "/cats" for ::1 at 2020-09-04 14:23:20 -0700
Processing by CatsController#index as HTML
  Rendering cats/index.html.erb within layouts/application
Completed 200 OK in 2378ms (Views: 1878.8ms | ActiveRecord: 210.6ms)


  [1m[36mCat Load (301.4ms)[0m  [1m[34mSELECT "cats".* FROM "cats"[0m
  ↳ app/views/cats/index.html.erb:4
  Rendered cats/index.html.erb within layouts/application (306.8ms)
Completed 200 OK in 557ms (Views: 254.1ms | ActiveRecord: 301.4ms)


Started GET "/cats/new" for ::1 at 2020-09-04 14:23:27 -0700
Processing by CatsController#new as HTML
  Rendering cats/new.html.erb within layouts/application
  Rendered cats/new.html.erb within layouts/application (0.6ms)
Completed 200 OK in 195ms (Views: 193.7ms | ActiveRecord: 0.0ms)


Started GET "/cats/new" for ::1 at 2020-09-04 14:30:33 -0700
Processing by CatsController#new as HTML
  Rendering cats/new.html.erb within layouts/application
  Rendered cats/new.html.erb within layouts/application (464.4ms)
Completed 500 Internal Server Error in 511ms (ActiveRecord: 0.0ms)



ActionView::Template::Error - uninitialized constant ActionView::CompiledTemplates::COLOR:
  app/views/cats/new.html.erb:10:in `view template'
  app/controllers/cats_controller.rb:15:in `new'

Started POST "/__better_errors/47bbbde21acd201a/variables" for ::1 at 2020-09-04 14:30:35 -0700
Started GET "/cats/new" for ::1 at 2020-09-04 14:32:30 -0700
Processing by CatsController#new as HTML
  Rendering cats/new.html.erb within layouts/application
  Rendered cats/new.html.erb within layouts/application (3.1ms)
Completed 200 OK in 407ms (Views: 405.2ms | ActiveRecord: 0.0ms)


Started GET "/cats/new" for ::1 at 2020-09-04 14:34:34 -0700
Processing by CatsController#new as HTML
  Rendering cats/new.html.erb within layouts/application
  Rendered cats/new.html.erb within layouts/application (1.7ms)
Completed 200 OK in 188ms (Views: 172.6ms | ActiveRecord: 0.0ms)


Started GET "/cats/new" for ::1 at 2020-09-04 14:36:35 -0700
Processing by CatsController#new as HTML
  Rendering cats/new.html.erb within layouts/application
  Rendered cats/new.html.erb within layouts/application (1.8ms)
Completed 200 OK in 274ms (Views: 273.4ms | ActiveRecord: 0.0ms)


Started GET "/cats/new" for ::1 at 2020-09-04 14:36:51 -0700
Processing by CatsController#new as HTML
  Rendering cats/new.html.erb within layouts/application
  Rendered cats/new.html.erb within layouts/application (1.5ms)
Completed 200 OK in 457ms (Views: 456.3ms | ActiveRecord: 0.0ms)


Started GET "/cats/new" for ::1 at 2020-09-04 14:37:52 -0700
Processing by CatsController#new as HTML
  Rendering cats/new.html.erb within layouts/application
  Rendered cats/new.html.erb within layouts/application (1.8ms)
Completed 200 OK in 453ms (Views: 447.1ms | ActiveRecord: 0.0ms)


Started GET "/cats/new" for ::1 at 2020-09-04 14:38:48 -0700
Processing by CatsController#new as HTML
  Rendering cats/new.html.erb within layouts/application
  Rendered cats/new.html.erb within layouts/application (6.2ms)
Completed 200 OK in 272ms (Views: 271.6ms | ActiveRecord: 0.0ms)


Started GET "/cats/new" for ::1 at 2020-09-04 14:39:45 -0700
Processing by CatsController#new as HTML
  Rendering cats/new.html.erb within layouts/application
  Rendered cats/new.html.erb within layouts/application (0.7ms)
Completed 200 OK in 324ms (Views: 323.3ms | ActiveRecord: 0.0ms)


Started GET "/cats/new" for ::1 at 2020-09-04 14:41:22 -0700
Processing by CatsController#new as HTML
  Rendering cats/new.html.erb within layouts/application
  Rendered cats/new.html.erb within layouts/application (0.6ms)
Completed 200 OK in 215ms (Views: 213.4ms | ActiveRecord: 0.0ms)


Started GET "/cats/new" for ::1 at 2020-09-04 14:43:46 -0700
Processing by CatsController#new as HTML
  Rendering cats/new.html.erb within layouts/application
  Rendered cats/new.html.erb within layouts/application (1.7ms)
Completed 200 OK in 880ms (Views: 879.5ms | ActiveRecord: 0.0ms)


Started GET "/cats/new" for ::1 at 2020-09-04 14:45:10 -0700
Processing by CatsController#new as HTML
  Rendering cats/new.html.erb within layouts/application
  Rendered cats/new.html.erb within layouts/application (1.0ms)
Completed 200 OK in 363ms (Views: 360.3ms | ActiveRecord: 0.0ms)


Started GET "/cats/new" for ::1 at 2020-09-04 14:45:38 -0700
Processing by CatsController#new as HTML
  Rendering cats/new.html.erb within layouts/application
  Rendered cats/new.html.erb within layouts/application (1.4ms)
Completed 200 OK in 260ms (Views: 258.5ms | ActiveRecord: 0.0ms)


Started GET "/cats/new" for ::1 at 2020-09-04 14:47:23 -0700
Processing by CatsController#new as HTML
  Rendering cats/new.html.erb within layouts/application
  Rendered cats/new.html.erb within layouts/application (1.7ms)
Completed 200 OK in 343ms (Views: 341.7ms | ActiveRecord: 0.0ms)


Started GET "/cats/new" for ::1 at 2020-09-04 14:59:25 -0700
Processing by CatsController#new as HTML
  Rendering cats/new.html.erb within layouts/application
  Rendered cats/new.html.erb within layouts/application (1.6ms)
Completed 200 OK in 345ms (Views: 88.8ms | ActiveRecord: 174.2ms)


Started GET "/cats/new" for ::1 at 2020-09-04 15:04:01 -0700
  [1m[35m (46.8ms)[0m  [1m[34mSELECT "schema_migrations"."version" FROM "schema_migrations" ORDER BY "schema_migrations"."version" ASC[0m
  ↳ /Users/NateOh/.rbenv/versions/2.5.1/lib/ruby/gems/2.5.0/gems/activerecord-5.2.4.3/lib/active_record/log_subscriber.rb:98
Processing by CatsController#new as HTML
  Rendering cats/new.html.erb within layouts/application
  Rendered cats/new.html.erb within layouts/application (17.1ms)
Completed 200 OK in 2980ms (Views: 2745.8ms | ActiveRecord: 55.1ms)


Started GET "/cats/2" for ::1 at 2020-09-04 15:12:30 -0700
Started GET "/cats/2/edit" for ::1 at 2020-09-04 15:12:31 -0700
Processing by CatsController#show as HTML
  Parameters: {"id"=>"2"}
  [1m[36mCat Load (3.9ms)[0m  [1m[34mSELECT  "cats".* FROM "cats" WHERE "cats"."id" = $1 LIMIT $2[0m  [["id", 2], ["LIMIT", 1]]
  ↳ app/controllers/cats_controller.rb:9
  Rendering cats/show.html.erb within layouts/application
  Rendered cats/show.html.erb within layouts/application (9.7ms)
Completed 200 OK in 1659ms (Views: 1126.3ms | ActiveRecord: 406.4ms)


Processing by CatsController#edit as HTML
  Parameters: {"id"=>"2"}
  [1m[36mCat Load (13.1ms)[0m  [1m[34mSELECT  "cats".* FROM "cats" WHERE "cats"."id" = $1 LIMIT $2[0m  [["id", 2], ["LIMIT", 1]]
  ↳ app/controllers/cats_controller.rb:19
  Rendering cats/edit.html.erb within layouts/application
  Rendered cats/edit.html.erb within layouts/application (34.6ms)
Completed 200 OK in 797ms (Views: 466.1ms | ActiveRecord: 204.2ms)


Started GET "/cats/2/edit" for ::1 at 2020-09-04 15:13:25 -0700
Processing by CatsController#edit as HTML
  Parameters: {"id"=>"2"}
  [1m[36mCat Load (89.0ms)[0m  [1m[34mSELECT  "cats".* FROM "cats" WHERE "cats"."id" = $1 LIMIT $2[0m  [["id", 2], ["LIMIT", 1]]
  ↳ app/controllers/cats_controller.rb:19
  Rendering cats/edit.html.erb within layouts/application
  Rendered cats/edit.html.erb within layouts/application (8.2ms)
Completed 200 OK in 456ms (Views: 362.5ms | ActiveRecord: 89.0ms)


Started GET "/cats/2/edit" for ::1 at 2020-09-04 15:14:33 -0700
Processing by CatsController#edit as HTML
  Parameters: {"id"=>"2"}
  [1m[36mCat Load (29.8ms)[0m  [1m[34mSELECT  "cats".* FROM "cats" WHERE "cats"."id" = $1 LIMIT $2[0m  [["id", 2], ["LIMIT", 1]]
  ↳ app/controllers/cats_controller.rb:19
  Rendering cats/edit.html.erb within layouts/application
  Rendered cats/edit.html.erb within layouts/application (1.1ms)
Completed 200 OK in 448ms (Views: 416.4ms | ActiveRecord: 29.8ms)


Started GET "/cats/2/edit" for ::1 at 2020-09-04 15:21:26 -0700
Processing by CatsController#edit as HTML
  Parameters: {"id"=>"2"}
  [1m[36mCat Load (144.2ms)[0m  [1m[34mSELECT  "cats".* FROM "cats" WHERE "cats"."id" = $1 LIMIT $2[0m  [["id", 2], ["LIMIT", 1]]
  ↳ app/controllers/cats_controller.rb:19
  Rendering cats/edit.html.erb within layouts/application
  Rendered cats/edit.html.erb within layouts/application (1.5ms)
Completed 200 OK in 436ms (Views: 129.8ms | ActiveRecord: 255.0ms)


Started GET "/cats/2/edit" for ::1 at 2020-09-04 15:22:03 -0700
Processing by CatsController#edit as HTML
  Parameters: {"id"=>"2"}
  [1m[36mCat Load (114.5ms)[0m  [1m[34mSELECT  "cats".* FROM "cats" WHERE "cats"."id" = $1 LIMIT $2[0m  [["id", 2], ["LIMIT", 1]]
  ↳ app/controllers/cats_controller.rb:19
  Rendering cats/edit.html.erb within layouts/application
  Rendered cats/edit.html.erb within layouts/application (8.2ms)
Completed 200 OK in 685ms (Views: 567.9ms | ActiveRecord: 114.5ms)


Started GET "/cats/2/edit" for ::1 at 2020-09-04 15:23:13 -0700
Processing by CatsController#edit as HTML
  Parameters: {"id"=>"2"}
  [1m[36mCat Load (2.6ms)[0m  [1m[34mSELECT  "cats".* FROM "cats" WHERE "cats"."id" = $1 LIMIT $2[0m  [["id", 2], ["LIMIT", 1]]
  ↳ app/controllers/cats_controller.rb:19
  Rendering cats/edit.html.erb within layouts/application
  Rendered cats/edit.html.erb within layouts/application (0.7ms)
Completed 200 OK in 546ms (Views: 540.7ms | ActiveRecord: 2.6ms)


Started GET "/cats/2/edit" for ::1 at 2020-09-04 15:26:20 -0700
Processing by CatsController#edit as HTML
  Parameters: {"id"=>"2"}
  [1m[36mCat Load (121.5ms)[0m  [1m[34mSELECT  "cats".* FROM "cats" WHERE "cats"."id" = $1 LIMIT $2[0m  [["id", 2], ["LIMIT", 1]]
  ↳ app/controllers/cats_controller.rb:19
  Rendering cats/edit.html.erb within layouts/application
  Rendered cats/edit.html.erb within layouts/application (1.1ms)
Completed 200 OK in 522ms (Views: 394.7ms | ActiveRecord: 121.5ms)


Started GET "/cats/3/edit" for ::1 at 2020-09-04 15:26:28 -0700
Processing by CatsController#edit as HTML
  Parameters: {"id"=>"3"}
  [1m[36mCat Load (87.1ms)[0m  [1m[34mSELECT  "cats".* FROM "cats" WHERE "cats"."id" = $1 LIMIT $2[0m  [["id", 3], ["LIMIT", 1]]
  ↳ app/controllers/cats_controller.rb:19
  Rendering cats/edit.html.erb within layouts/application
  Rendered cats/edit.html.erb within layouts/application (2.5ms)
Completed 200 OK in 326ms (Views: 236.8ms | ActiveRecord: 87.1ms)


Started GET "/cats/3/edit" for ::1 at 2020-09-04 15:26:35 -0700
Processing by CatsController#edit as HTML
  Parameters: {"id"=>"3"}
  [1m[36mCat Load (86.2ms)[0m  [1m[34mSELECT  "cats".* FROM "cats" WHERE "cats"."id" = $1 LIMIT $2[0m  [["id", 3], ["LIMIT", 1]]
  ↳ app/controllers/cats_controller.rb:19
  Rendering cats/edit.html.erb within layouts/application
  Rendered cats/edit.html.erb within layouts/application (1.1ms)
Completed 200 OK in 277ms (Views: 188.1ms | ActiveRecord: 86.2ms)


Started GET "/cats/3/edit" for ::1 at 2020-09-04 15:26:46 -0700
Processing by CatsController#edit as HTML
  Parameters: {"id"=>"3"}
  [1m[36mCat Load (23.5ms)[0m  [1m[34mSELECT  "cats".* FROM "cats" WHERE "cats"."id" = $1 LIMIT $2[0m  [["id", 3], ["LIMIT", 1]]
  ↳ app/controllers/cats_controller.rb:19
  Rendering cats/edit.html.erb within layouts/application
  Rendered cats/edit.html.erb within layouts/application (1.3ms)
Completed 200 OK in 219ms (Views: 192.9ms | ActiveRecord: 23.5ms)


Started GET "/cats/3/edit" for ::1 at 2020-09-04 15:28:10 -0700
Processing by CatsController#edit as HTML
  Parameters: {"id"=>"3"}
  [1m[36mCat Load (81.4ms)[0m  [1m[34mSELECT  "cats".* FROM "cats" WHERE "cats"."id" = $1 LIMIT $2[0m  [["id", 3], ["LIMIT", 1]]
  ↳ app/controllers/cats_controller.rb:19
  Rendering cats/edit.html.erb within layouts/application
  Rendered cats/edit.html.erb within layouts/application (1.0ms)
Completed 200 OK in 420ms (Views: 323.8ms | ActiveRecord: 81.4ms)


Started GET "/cats/2/edit" for ::1 at 2020-09-04 15:28:16 -0700
Processing by CatsController#edit as HTML
  Parameters: {"id"=>"2"}
  [1m[36mCat Load (124.4ms)[0m  [1m[34mSELECT  "cats".* FROM "cats" WHERE "cats"."id" = $1 LIMIT $2[0m  [["id", 2], ["LIMIT", 1]]
  ↳ app/controllers/cats_controller.rb:19
  Rendering cats/edit.html.erb within layouts/application
  Rendered cats/edit.html.erb within layouts/application (1.2ms)
Completed 200 OK in 350ms (Views: 220.1ms | ActiveRecord: 124.4ms)


Started GET "/cats/2/edit" for ::1 at 2020-09-04 15:29:26 -0700
Processing by CatsController#edit as HTML
  Parameters: {"id"=>"2"}
  [1m[36mCat Load (96.9ms)[0m  [1m[34mSELECT  "cats".* FROM "cats" WHERE "cats"."id" = $1 LIMIT $2[0m  [["id", 2], ["LIMIT", 1]]
  ↳ app/controllers/cats_controller.rb:19
  Rendering cats/edit.html.erb within layouts/application
  Rendered cats/edit.html.erb within layouts/application (4.6ms)
Completed 200 OK in 420ms (Views: 311.4ms | ActiveRecord: 96.9ms)


Started GET "/cats/3/edit" for ::1 at 2020-09-04 15:29:34 -0700
Processing by CatsController#edit as HTML
  Parameters: {"id"=>"3"}
  [1m[36mCat Load (175.5ms)[0m  [1m[34mSELECT  "cats".* FROM "cats" WHERE "cats"."id" = $1 LIMIT $2[0m  [["id", 3], ["LIMIT", 1]]
  ↳ app/controllers/cats_controller.rb:19
  Rendering cats/edit.html.erb within layouts/application
  Rendered cats/edit.html.erb within layouts/application (1.1ms)
Completed 200 OK in 395ms (Views: 217.9ms | ActiveRecord: 175.5ms)


Started GET "/cats/3/edit" for ::1 at 2020-09-04 15:30:26 -0700
Processing by CatsController#edit as HTML
  Parameters: {"id"=>"3"}
  [1m[36mCat Load (100.1ms)[0m  [1m[34mSELECT  "cats".* FROM "cats" WHERE "cats"."id" = $1 LIMIT $2[0m  [["id", 3], ["LIMIT", 1]]
  ↳ app/controllers/cats_controller.rb:19
  Rendering cats/edit.html.erb within layouts/application
  Rendered cats/edit.html.erb within layouts/application (17.5ms)
Completed 200 OK in 347ms (Views: 245.1ms | ActiveRecord: 100.1ms)


Started GET "/cats/2/edit" for ::1 at 2020-09-04 15:30:33 -0700
Processing by CatsController#edit as HTML
  Parameters: {"id"=>"2"}
  [1m[36mCat Load (21.1ms)[0m  [1m[34mSELECT  "cats".* FROM "cats" WHERE "cats"."id" = $1 LIMIT $2[0m  [["id", 2], ["LIMIT", 1]]
  ↳ app/controllers/cats_controller.rb:19
  Rendering cats/edit.html.erb within layouts/application
  Rendered cats/edit.html.erb within layouts/application (1.1ms)
Completed 200 OK in 334ms (Views: 307.4ms | ActiveRecord: 21.1ms)


Started GET "/cats/2/edit" for ::1 at 2020-09-04 15:32:23 -0700
Processing by CatsController#edit as HTML
  Parameters: {"id"=>"2"}
  [1m[36mCat Load (35.7ms)[0m  [1m[34mSELECT  "cats".* FROM "cats" WHERE "cats"."id" = $1 LIMIT $2[0m  [["id", 2], ["LIMIT", 1]]
  ↳ app/controllers/cats_controller.rb:19
  Rendering cats/edit.html.erb within layouts/application
  Rendered cats/edit.html.erb within layouts/application (1.2ms)
Completed 200 OK in 288ms (Views: 243.7ms | ActiveRecord: 35.7ms)


Started PATCH "/cats/2/cats_url" for ::1 at 2020-09-04 15:32:27 -0700
  
ActionController::RoutingError (No route matches [PATCH] "/cats/2/cats_url"):
  
actionpack (5.2.4.3) lib/action_dispatch/middleware/debug_exceptions.rb:65:in `call'
web-console (3.7.0) lib/web_console/middleware.rb:135:in `call_app'
web-console (3.7.0) lib/web_console/middleware.rb:30:in `block in call'
web-console (3.7.0) lib/web_console/middleware.rb:20:in `catch'
web-console (3.7.0) lib/web_console/middleware.rb:20:in `call'
actionpack (5.2.4.3) lib/action_dispatch/middleware/show_exceptions.rb:33:in `call'
railties (5.2.4.3) lib/rails/rack/logger.rb:38:in `call_app'
railties (5.2.4.3) lib/rails/rack/logger.rb:26:in `block in call'
activesupport (5.2.4.3) lib/active_support/tagged_logging.rb:71:in `block in tagged'
activesupport (5.2.4.3) lib/active_support/tagged_logging.rb:28:in `tagged'
activesupport (5.2.4.3) lib/active_support/tagged_logging.rb:71:in `tagged'
railties (5.2.4.3) lib/rails/rack/logger.rb:26:in `call'
sprockets-rails (3.2.1) lib/sprockets/rails/quiet_assets.rb:13:in `call'
actionpack (5.2.4.3) lib/action_dispatch/middleware/remote_ip.rb:81:in `call'
actionpack (5.2.4.3) lib/action_dispatch/middleware/request_id.rb:27:in `call'
rack (2.2.3) lib/rack/method_override.rb:24:in `call'
rack (2.2.3) lib/rack/runtime.rb:22:in `call'
activesupport (5.2.4.3) lib/active_support/cache/strategy/local_cache_middleware.rb:29:in `call'
actionpack (5.2.4.3) lib/action_dispatch/middleware/executor.rb:14:in `call'
actionpack (5.2.4.3) lib/action_dispatch/middleware/static.rb:127:in `call'
rack (2.2.3) lib/rack/sendfile.rb:110:in `call'
railties (5.2.4.3) lib/rails/engine.rb:524:in `call'
puma (3.12.6) lib/puma/configuration.rb:227:in `call'
puma (3.12.6) lib/puma/server.rb:706:in `handle_request'
puma (3.12.6) lib/puma/server.rb:476:in `process_client'
puma (3.12.6) lib/puma/server.rb:334:in `block in run'
puma (3.12.6) lib/puma/thread_pool.rb:135:in `block in spawn_thread'
Started GET "/cats/new" for ::1 at 2020-09-04 15:32:46 -0700
Processing by CatsController#new as HTML
  Rendering cats/new.html.erb within layouts/application
  Rendered cats/new.html.erb within layouts/application (0.9ms)
Completed 200 OK in 268ms (Views: 266.2ms | ActiveRecord: 0.0ms)


Started POST "/cats/cats_url" for ::1 at 2020-09-04 15:32:49 -0700
  
ActionController::RoutingError (No route matches [POST] "/cats/cats_url"):
  
actionpack (5.2.4.3) lib/action_dispatch/middleware/debug_exceptions.rb:65:in `call'
web-console (3.7.0) lib/web_console/middleware.rb:135:in `call_app'
web-console (3.7.0) lib/web_console/middleware.rb:30:in `block in call'
web-console (3.7.0) lib/web_console/middleware.rb:20:in `catch'
web-console (3.7.0) lib/web_console/middleware.rb:20:in `call'
actionpack (5.2.4.3) lib/action_dispatch/middleware/show_exceptions.rb:33:in `call'
railties (5.2.4.3) lib/rails/rack/logger.rb:38:in `call_app'
railties (5.2.4.3) lib/rails/rack/logger.rb:26:in `block in call'
activesupport (5.2.4.3) lib/active_support/tagged_logging.rb:71:in `block in tagged'
activesupport (5.2.4.3) lib/active_support/tagged_logging.rb:28:in `tagged'
activesupport (5.2.4.3) lib/active_support/tagged_logging.rb:71:in `tagged'
railties (5.2.4.3) lib/rails/rack/logger.rb:26:in `call'
sprockets-rails (3.2.1) lib/sprockets/rails/quiet_assets.rb:13:in `call'
actionpack (5.2.4.3) lib/action_dispatch/middleware/remote_ip.rb:81:in `call'
actionpack (5.2.4.3) lib/action_dispatch/middleware/request_id.rb:27:in `call'
rack (2.2.3) lib/rack/method_override.rb:24:in `call'
rack (2.2.3) lib/rack/runtime.rb:22:in `call'
activesupport (5.2.4.3) lib/active_support/cache/strategy/local_cache_middleware.rb:29:in `call'
actionpack (5.2.4.3) lib/action_dispatch/middleware/executor.rb:14:in `call'
actionpack (5.2.4.3) lib/action_dispatch/middleware/static.rb:127:in `call'
rack (2.2.3) lib/rack/sendfile.rb:110:in `call'
railties (5.2.4.3) lib/rails/engine.rb:524:in `call'
puma (3.12.6) lib/puma/configuration.rb:227:in `call'
puma (3.12.6) lib/puma/server.rb:706:in `handle_request'
puma (3.12.6) lib/puma/server.rb:476:in `process_client'
puma (3.12.6) lib/puma/server.rb:334:in `block in run'
puma (3.12.6) lib/puma/thread_pool.rb:135:in `block in spawn_thread'
Started GET "/cats/new" for ::1 at 2020-09-04 15:38:17 -0700
Processing by CatsController#new as HTML
  Rendering cats/new.html.erb within layouts/application
  Rendered cats/new.html.erb within layouts/application (1.0ms)
Completed 200 OK in 696ms (Views: 94.5ms | ActiveRecord: 569.3ms)


Started POST "/cats/cats_url" for ::1 at 2020-09-04 15:38:40 -0700
  
ActionController::RoutingError (No route matches [POST] "/cats/cats_url"):
  
actionpack (5.2.4.3) lib/action_dispatch/middleware/debug_exceptions.rb:65:in `call'
web-console (3.7.0) lib/web_console/middleware.rb:135:in `call_app'
web-console (3.7.0) lib/web_console/middleware.rb:30:in `block in call'
web-console (3.7.0) lib/web_console/middleware.rb:20:in `catch'
web-console (3.7.0) lib/web_console/middleware.rb:20:in `call'
actionpack (5.2.4.3) lib/action_dispatch/middleware/show_exceptions.rb:33:in `call'
railties (5.2.4.3) lib/rails/rack/logger.rb:38:in `call_app'
railties (5.2.4.3) lib/rails/rack/logger.rb:26:in `block in call'
activesupport (5.2.4.3) lib/active_support/tagged_logging.rb:71:in `block in tagged'
activesupport (5.2.4.3) lib/active_support/tagged_logging.rb:28:in `tagged'
activesupport (5.2.4.3) lib/active_support/tagged_logging.rb:71:in `tagged'
railties (5.2.4.3) lib/rails/rack/logger.rb:26:in `call'
sprockets-rails (3.2.1) lib/sprockets/rails/quiet_assets.rb:13:in `call'
actionpack (5.2.4.3) lib/action_dispatch/middleware/remote_ip.rb:81:in `call'
actionpack (5.2.4.3) lib/action_dispatch/middleware/request_id.rb:27:in `call'
rack (2.2.3) lib/rack/method_override.rb:24:in `call'
rack (2.2.3) lib/rack/runtime.rb:22:in `call'
activesupport (5.2.4.3) lib/active_support/cache/strategy/local_cache_middleware.rb:29:in `call'
actionpack (5.2.4.3) lib/action_dispatch/middleware/executor.rb:14:in `call'
actionpack (5.2.4.3) lib/action_dispatch/middleware/static.rb:127:in `call'
rack (2.2.3) lib/rack/sendfile.rb:110:in `call'
railties (5.2.4.3) lib/rails/engine.rb:524:in `call'
puma (3.12.6) lib/puma/configuration.rb:227:in `call'
puma (3.12.6) lib/puma/server.rb:706:in `handle_request'
puma (3.12.6) lib/puma/server.rb:476:in `process_client'
puma (3.12.6) lib/puma/server.rb:334:in `block in run'
puma (3.12.6) lib/puma/thread_pool.rb:135:in `block in spawn_thread'
Started POST "/cats/cats_url" for ::1 at 2020-09-04 15:39:16 -0700
  
ActionController::RoutingError (No route matches [POST] "/cats/cats_url"):
  
actionpack (5.2.4.3) lib/action_dispatch/middleware/debug_exceptions.rb:65:in `call'
web-console (3.7.0) lib/web_console/middleware.rb:135:in `call_app'
web-console (3.7.0) lib/web_console/middleware.rb:30:in `block in call'
web-console (3.7.0) lib/web_console/middleware.rb:20:in `catch'
web-console (3.7.0) lib/web_console/middleware.rb:20:in `call'
actionpack (5.2.4.3) lib/action_dispatch/middleware/show_exceptions.rb:33:in `call'
railties (5.2.4.3) lib/rails/rack/logger.rb:38:in `call_app'
railties (5.2.4.3) lib/rails/rack/logger.rb:26:in `block in call'
activesupport (5.2.4.3) lib/active_support/tagged_logging.rb:71:in `block in tagged'
activesupport (5.2.4.3) lib/active_support/tagged_logging.rb:28:in `tagged'
activesupport (5.2.4.3) lib/active_support/tagged_logging.rb:71:in `tagged'
railties (5.2.4.3) lib/rails/rack/logger.rb:26:in `call'
sprockets-rails (3.2.1) lib/sprockets/rails/quiet_assets.rb:13:in `call'
actionpack (5.2.4.3) lib/action_dispatch/middleware/remote_ip.rb:81:in `call'
actionpack (5.2.4.3) lib/action_dispatch/middleware/request_id.rb:27:in `call'
rack (2.2.3) lib/rack/method_override.rb:24:in `call'
rack (2.2.3) lib/rack/runtime.rb:22:in `call'
activesupport (5.2.4.3) lib/active_support/cache/strategy/local_cache_middleware.rb:29:in `call'
actionpack (5.2.4.3) lib/action_dispatch/middleware/executor.rb:14:in `call'
actionpack (5.2.4.3) lib/action_dispatch/middleware/static.rb:127:in `call'
rack (2.2.3) lib/rack/sendfile.rb:110:in `call'
railties (5.2.4.3) lib/rails/engine.rb:524:in `call'
puma (3.12.6) lib/puma/configuration.rb:227:in `call'
puma (3.12.6) lib/puma/server.rb:706:in `handle_request'
puma (3.12.6) lib/puma/server.rb:476:in `process_client'
puma (3.12.6) lib/puma/server.rb:334:in `block in run'
puma (3.12.6) lib/puma/thread_pool.rb:135:in `block in spawn_thread'
Started POST "/cats/cats_url" for ::1 at 2020-09-04 15:39:55 -0700
  [1m[35m (20.2ms)[0m  [1m[34mSELECT "schema_migrations"."version" FROM "schema_migrations" ORDER BY "schema_migrations"."version" ASC[0m
  ↳ /Users/NateOh/.rbenv/versions/2.5.1/lib/ruby/gems/2.5.0/gems/activerecord-5.2.4.3/lib/active_record/log_subscriber.rb:98
  
ActionController::RoutingError (No route matches [POST] "/cats/cats_url"):
  
actionpack (5.2.4.3) lib/action_dispatch/middleware/debug_exceptions.rb:65:in `call'
web-console (3.7.0) lib/web_console/middleware.rb:135:in `call_app'
web-console (3.7.0) lib/web_console/middleware.rb:30:in `block in call'
web-console (3.7.0) lib/web_console/middleware.rb:20:in `catch'
web-console (3.7.0) lib/web_console/middleware.rb:20:in `call'
actionpack (5.2.4.3) lib/action_dispatch/middleware/show_exceptions.rb:33:in `call'
railties (5.2.4.3) lib/rails/rack/logger.rb:38:in `call_app'
railties (5.2.4.3) lib/rails/rack/logger.rb:26:in `block in call'
activesupport (5.2.4.3) lib/active_support/tagged_logging.rb:71:in `block in tagged'
activesupport (5.2.4.3) lib/active_support/tagged_logging.rb:28:in `tagged'
activesupport (5.2.4.3) lib/active_support/tagged_logging.rb:71:in `tagged'
railties (5.2.4.3) lib/rails/rack/logger.rb:26:in `call'
sprockets-rails (3.2.1) lib/sprockets/rails/quiet_assets.rb:13:in `call'
actionpack (5.2.4.3) lib/action_dispatch/middleware/remote_ip.rb:81:in `call'
actionpack (5.2.4.3) lib/action_dispatch/middleware/request_id.rb:27:in `call'
rack (2.2.3) lib/rack/method_override.rb:24:in `call'
rack (2.2.3) lib/rack/runtime.rb:22:in `call'
activesupport (5.2.4.3) lib/active_support/cache/strategy/local_cache_middleware.rb:29:in `call'
actionpack (5.2.4.3) lib/action_dispatch/middleware/executor.rb:14:in `call'
actionpack (5.2.4.3) lib/action_dispatch/middleware/static.rb:127:in `call'
rack (2.2.3) lib/rack/sendfile.rb:110:in `call'
railties (5.2.4.3) lib/rails/engine.rb:524:in `call'
puma (3.12.6) lib/puma/configuration.rb:227:in `call'
puma (3.12.6) lib/puma/server.rb:706:in `handle_request'
puma (3.12.6) lib/puma/server.rb:476:in `process_client'
puma (3.12.6) lib/puma/server.rb:334:in `block in run'
puma (3.12.6) lib/puma/thread_pool.rb:135:in `block in spawn_thread'
Started POST "/cats/cats_url" for ::1 at 2020-09-04 15:41:08 -0700
  
ActionController::RoutingError (No route matches [POST] "/cats/cats_url"):
  
actionpack (5.2.4.3) lib/action_dispatch/middleware/debug_exceptions.rb:65:in `call'
web-console (3.7.0) lib/web_console/middleware.rb:135:in `call_app'
web-console (3.7.0) lib/web_console/middleware.rb:30:in `block in call'
web-console (3.7.0) lib/web_console/middleware.rb:20:in `catch'
web-console (3.7.0) lib/web_console/middleware.rb:20:in `call'
actionpack (5.2.4.3) lib/action_dispatch/middleware/show_exceptions.rb:33:in `call'
railties (5.2.4.3) lib/rails/rack/logger.rb:38:in `call_app'
railties (5.2.4.3) lib/rails/rack/logger.rb:26:in `block in call'
activesupport (5.2.4.3) lib/active_support/tagged_logging.rb:71:in `block in tagged'
activesupport (5.2.4.3) lib/active_support/tagged_logging.rb:28:in `tagged'
activesupport (5.2.4.3) lib/active_support/tagged_logging.rb:71:in `tagged'
railties (5.2.4.3) lib/rails/rack/logger.rb:26:in `call'
sprockets-rails (3.2.1) lib/sprockets/rails/quiet_assets.rb:13:in `call'
actionpack (5.2.4.3) lib/action_dispatch/middleware/remote_ip.rb:81:in `call'
actionpack (5.2.4.3) lib/action_dispatch/middleware/request_id.rb:27:in `call'
rack (2.2.3) lib/rack/method_override.rb:24:in `call'
rack (2.2.3) lib/rack/runtime.rb:22:in `call'
activesupport (5.2.4.3) lib/active_support/cache/strategy/local_cache_middleware.rb:29:in `call'
actionpack (5.2.4.3) lib/action_dispatch/middleware/executor.rb:14:in `call'
actionpack (5.2.4.3) lib/action_dispatch/middleware/static.rb:127:in `call'
rack (2.2.3) lib/rack/sendfile.rb:110:in `call'
railties (5.2.4.3) lib/rails/engine.rb:524:in `call'
puma (3.12.6) lib/puma/configuration.rb:227:in `call'
puma (3.12.6) lib/puma/server.rb:706:in `handle_request'
puma (3.12.6) lib/puma/server.rb:476:in `process_client'
puma (3.12.6) lib/puma/server.rb:334:in `block in run'
puma (3.12.6) lib/puma/thread_pool.rb:135:in `block in spawn_thread'
Started POST "/cats/cats_url" for ::1 at 2020-09-04 16:06:07 -0700
  
ActionController::RoutingError (No route matches [POST] "/cats/cats_url"):
  
actionpack (5.2.4.3) lib/action_dispatch/middleware/debug_exceptions.rb:65:in `call'
web-console (3.7.0) lib/web_console/middleware.rb:135:in `call_app'
web-console (3.7.0) lib/web_console/middleware.rb:30:in `block in call'
web-console (3.7.0) lib/web_console/middleware.rb:20:in `catch'
web-console (3.7.0) lib/web_console/middleware.rb:20:in `call'
actionpack (5.2.4.3) lib/action_dispatch/middleware/show_exceptions.rb:33:in `call'
railties (5.2.4.3) lib/rails/rack/logger.rb:38:in `call_app'
railties (5.2.4.3) lib/rails/rack/logger.rb:26:in `block in call'
activesupport (5.2.4.3) lib/active_support/tagged_logging.rb:71:in `block in tagged'
activesupport (5.2.4.3) lib/active_support/tagged_logging.rb:28:in `tagged'
activesupport (5.2.4.3) lib/active_support/tagged_logging.rb:71:in `tagged'
railties (5.2.4.3) lib/rails/rack/logger.rb:26:in `call'
sprockets-rails (3.2.1) lib/sprockets/rails/quiet_assets.rb:13:in `call'
actionpack (5.2.4.3) lib/action_dispatch/middleware/remote_ip.rb:81:in `call'
actionpack (5.2.4.3) lib/action_dispatch/middleware/request_id.rb:27:in `call'
rack (2.2.3) lib/rack/method_override.rb:24:in `call'
rack (2.2.3) lib/rack/runtime.rb:22:in `call'
activesupport (5.2.4.3) lib/active_support/cache/strategy/local_cache_middleware.rb:29:in `call'
actionpack (5.2.4.3) lib/action_dispatch/middleware/executor.rb:14:in `call'
actionpack (5.2.4.3) lib/action_dispatch/middleware/static.rb:127:in `call'
rack (2.2.3) lib/rack/sendfile.rb:110:in `call'
railties (5.2.4.3) lib/rails/engine.rb:524:in `call'
puma (3.12.6) lib/puma/configuration.rb:227:in `call'
puma (3.12.6) lib/puma/server.rb:706:in `handle_request'
puma (3.12.6) lib/puma/server.rb:476:in `process_client'
puma (3.12.6) lib/puma/server.rb:334:in `block in run'
puma (3.12.6) lib/puma/thread_pool.rb:135:in `block in spawn_thread'
Started GET "/cats/new" for ::1 at 2020-09-04 16:06:17 -0700
Processing by CatsController#new as HTML
  Rendering cats/new.html.erb within layouts/application
  Rendered cats/new.html.erb within layouts/application (3.9ms)
Completed 200 OK in 750ms (Views: 659.7ms | ActiveRecord: 49.9ms)


Started POST "/cats" for ::1 at 2020-09-04 16:06:33 -0700
Processing by CatsController#create as HTML
  Parameters: {"cats"=>{"name"=>"Mapa", "color"=>"white", "sex"=>"", "birth_date"=>"2020-12-31", "description"=>"blahblah\r\n        "}}
Completed 400 Bad Request in 5ms (ActiveRecord: 0.0ms)



ActionController::ParameterMissing - param is missing or the value is empty: cat:
  app/controllers/cats_controller.rb:40:in `cat_params'
  app/controllers/cats_controller.rb:24:in `create'

Started POST "/__better_errors/91ec9536754d332a/variables" for ::1 at 2020-09-04 16:06:33 -0700
Started POST "/cats" for ::1 at 2020-09-04 16:07:34 -0700
Processing by CatsController#create as HTML
  Parameters: {"cats"=>{"name"=>"Mapa", "color"=>"white", "sex"=>"", "birth_date"=>"2020-12-31", "description"=>"blahblah\r\n        "}}
Completed 400 Bad Request in 3ms (ActiveRecord: 0.0ms)



ActionController::ParameterMissing - param is missing or the value is empty: cat:
  app/controllers/cats_controller.rb:40:in `cat_params'
  app/controllers/cats_controller.rb:24:in `create'

Started POST "/__better_errors/aff726b8d6978496/variables" for ::1 at 2020-09-04 16:07:34 -0700
Started POST "/cats" for ::1 at 2020-09-04 16:14:25 -0700
Processing by CatsController#create as HTML
  Parameters: {"cats"=>{"name"=>"Mapa", "color"=>"white", "sex"=>"", "birth_date"=>"2020-12-31", "description"=>"blahblah\r\n        "}}
Completed 400 Bad Request in 5ms (ActiveRecord: 0.0ms)



ActionController::ParameterMissing - param is missing or the value is empty: cat:
  app/controllers/cats_controller.rb:40:in `cat_params'
  app/controllers/cats_controller.rb:24:in `create'

Started POST "/__better_errors/3e79837c0cccb6e0/variables" for ::1 at 2020-09-04 16:14:26 -0700
Started POST "/cats" for ::1 at 2020-09-04 16:14:41 -0700
Processing by CatsController#create as HTML
  Parameters: {"cats"=>{"name"=>"Mapa", "color"=>"white", "sex"=>"", "birth_date"=>"2020-12-31", "description"=>"blahblah\r\n        "}}
  [1m[35m (2.7ms)[0m  [1m[35mBEGIN[0m
  ↳ app/controllers/cats_controller.rb:25
  [1m[35m (1.0ms)[0m  [1m[31mROLLBACK[0m
  ↳ app/controllers/cats_controller.rb:25
  Rendering cats/new.html.erb within layouts/application
  Rendered cats/new.html.erb within layouts/application (2.2ms)
Completed 200 OK in 328ms (Views: 103.8ms | ActiveRecord: 105.9ms)


Started POST "/cats" for ::1 at 2020-09-04 16:15:16 -0700
Processing by CatsController#create as HTML
  Parameters: {"cats"=>{"name"=>"Mapa", "color"=>"black", "sex"=>"", "birth_date"=>"2020-12-31", "description"=>"blahblahblah\r\n        "}}
Completed 400 Bad Request in 9ms (ActiveRecord: 0.0ms)



ActionController::ParameterMissing - param is missing or the value is empty: cat:
  app/controllers/cats_controller.rb:40:in `cat_params'
  app/controllers/cats_controller.rb:24:in `create'

Started POST "/__better_errors/b663c62085d445bd/variables" for ::1 at 2020-09-04 16:15:16 -0700
Started GET "/cats" for ::1 at 2020-09-04 16:15:31 -0700
Processing by CatsController#index as HTML
  Rendering cats/index.html.erb within layouts/application
  [1m[36mCat Load (1.8ms)[0m  [1m[34mSELECT "cats".* FROM "cats"[0m
  ↳ app/views/cats/index.html.erb:4
  Rendered cats/index.html.erb within layouts/application (62.8ms)
Completed 200 OK in 156ms (Views: 112.0ms | ActiveRecord: 43.2ms)


Started GET "/cats/new" for ::1 at 2020-09-04 16:18:42 -0700
Processing by CatsController#new as HTML
  Rendering cats/new.html.erb within layouts/application
  Rendered cats/new.html.erb within layouts/application (1.1ms)
Completed 200 OK in 445ms (Views: 311.4ms | ActiveRecord: 67.5ms)


Started GET "/cats/new" for ::1 at 2020-09-04 16:18:50 -0700
Processing by CatsController#new as HTML
  Rendering cats/new.html.erb within layouts/application
  Rendered cats/new.html.erb within layouts/application (1.5ms)
Completed 200 OK in 220ms (Views: 218.6ms | ActiveRecord: 0.0ms)


Started POST "/cats" for ::1 at 2020-09-04 16:19:00 -0700
Processing by CatsController#create as HTML
  Parameters: {"cats"=>{"name"=>"Mapa", "color"=>"black", "sex"=>"", "birth_date"=>"2020-12-31", "description"=>"fasd;'fja;sd\r\n        "}}
Completed 400 Bad Request in 131482ms (ActiveRecord: 0.0ms)



ActionController::ParameterMissing - param is missing or the value is empty: cat:
  app/controllers/cats_controller.rb:41:in `cat_params'
  app/controllers/cats_controller.rb:25:in `create'

Started POST "/__better_errors/59d029936d6356c7/variables" for ::1 at 2020-09-04 16:21:12 -0700
Started GET "/cats/new" for ::1 at 2020-09-04 16:21:24 -0700
Processing by CatsController#new as HTML
  Rendering cats/new.html.erb within layouts/application
  Rendered cats/new.html.erb within layouts/application (2.2ms)
Completed 200 OK in 465ms (Views: 282.9ms | ActiveRecord: 38.6ms)


Started GET "/cats/new" for ::1 at 2020-09-04 16:21:30 -0700
Processing by CatsController#new as HTML
  Rendering cats/new.html.erb within layouts/application
  Rendered cats/new.html.erb within layouts/application (1.2ms)
Completed 200 OK in 233ms (Views: 230.6ms | ActiveRecord: 0.0ms)


Started POST "/cats" for ::1 at 2020-09-04 16:21:40 -0700
Processing by CatsController#create as HTML
  Parameters: {"cat"=>{"name"=>"mapa", "color"=>"black", "sex"=>"", "birth_date"=>"2020-12-31", "description"=>"a;sdfj\r\n        "}}
  [1m[35m (46.2ms)[0m  [1m[35mBEGIN[0m
  ↳ app/controllers/cats_controller.rb:26
  [1m[35m (25.9ms)[0m  [1m[31mROLLBACK[0m
  ↳ app/controllers/cats_controller.rb:26
  Rendering cats/new.html.erb within layouts/application
  Rendered cats/new.html.erb within layouts/application (1.4ms)
Completed 200 OK in 183ms (Views: 99.2ms | ActiveRecord: 72.0ms)


Started GET "/cats" for ::1 at 2020-09-04 16:22:38 -0700
Processing by CatsController#index as HTML
  Rendering cats/index.html.erb within layouts/application
  [1m[36mCat Load (31.3ms)[0m  [1m[34mSELECT "cats".* FROM "cats"[0m
  ↳ app/views/cats/index.html.erb:4
  Rendered cats/index.html.erb within layouts/application (231.8ms)
Completed 200 OK in 408ms (Views: 259.1ms | ActiveRecord: 136.8ms)


Started GET "/cats/new" for ::1 at 2020-09-04 16:22:43 -0700
Processing by CatsController#new as HTML
  Rendering cats/new.html.erb within layouts/application
  Rendered cats/new.html.erb within layouts/application (1.0ms)
Completed 200 OK in 60ms (Views: 58.7ms | ActiveRecord: 0.0ms)


Started POST "/cats" for ::1 at 2020-09-04 16:22:55 -0700
Processing by CatsController#create as HTML
  Parameters: {"cat"=>{"name"=>"mapa", "color"=>"black", "sex"=>"", "birth_date"=>"2020-12-31", "description"=>"asdf\r\n        "}}
  [1m[35m (62.0ms)[0m  [1m[35mBEGIN[0m
  ↳ app/controllers/cats_controller.rb:25
  [1m[35m (41.7ms)[0m  [1m[31mROLLBACK[0m
  ↳ app/controllers/cats_controller.rb:25
  Rendering cats/new.html.erb within layouts/application
  Rendered cats/new.html.erb within layouts/application (1.6ms)
Completed 200 OK in 143283ms (Views: 103.0ms | ActiveRecord: 103.7ms)


Started GET "/cats" for ::1 at 2020-09-04 16:25:22 -0700
Processing by CatsController#index as HTML
  Rendering cats/index.html.erb within layouts/application
  [1m[36mCat Load (4.5ms)[0m  [1m[34mSELECT "cats".* FROM "cats"[0m
  ↳ app/views/cats/index.html.erb:4
  Rendered cats/index.html.erb within layouts/application (205.1ms)
Completed 200 OK in 499ms (Views: 313.0ms | ActiveRecord: 121.6ms)


Started GET "/cats/new" for ::1 at 2020-09-04 16:25:27 -0700
Processing by CatsController#new as HTML
  Rendering cats/new.html.erb within layouts/application
  Rendered cats/new.html.erb within layouts/application (1.5ms)
Completed 200 OK in 253ms (Views: 247.9ms | ActiveRecord: 0.0ms)


Started GET "/cats/new" for ::1 at 2020-09-04 16:25:32 -0700
Processing by CatsController#new as HTML
  Rendering cats/new.html.erb within layouts/application
  Rendered cats/new.html.erb within layouts/application (1.5ms)
Completed 200 OK in 278ms (Views: 277.0ms | ActiveRecord: 0.0ms)


Started POST "/cats" for ::1 at 2020-09-04 16:25:47 -0700
Processing by CatsController#create as HTML
  Parameters: {"cat"=>{"name"=>"mapa", "color"=>"white", "sex"=>"F", "birth_date"=>"2020-01-31", "description"=>"fasdf\r\n        "}}
  [1m[35m (12.2ms)[0m  [1m[35mBEGIN[0m
  ↳ app/controllers/cats_controller.rb:25
  [1m[36mCat Create (55.0ms)[0m  [1m[32mINSERT INTO "cats" ("birth_date", "color", "name", "sex", "description", "created_at", "updated_at") VALUES ($1, $2, $3, $4, $5, $6, $7) RETURNING "id"[0m  [["birth_date", "2020-01-31"], ["color", "white"], ["name", "mapa"], ["sex", "F"], ["description", "fasdf\r\n        "], ["created_at", "2020-09-04 23:25:47.250033"], ["updated_at", "2020-09-04 23:25:47.250033"]]
  ↳ app/controllers/cats_controller.rb:25
  [1m[35m (56.2ms)[0m  [1m[35mCOMMIT[0m
  ↳ app/controllers/cats_controller.rb:25
Redirected to http://localhost:3000/cats/4
Completed 302 Found in 131ms (ActiveRecord: 123.4ms)


Started GET "/cats/4" for ::1 at 2020-09-04 16:25:47 -0700
Processing by CatsController#show as HTML
  Parameters: {"id"=>"4"}
  [1m[36mCat Load (0.9ms)[0m  [1m[34mSELECT  "cats".* FROM "cats" WHERE "cats"."id" = $1 LIMIT $2[0m  [["id", 4], ["LIMIT", 1]]
  ↳ app/controllers/cats_controller.rb:9
  Rendering cats/show.html.erb within layouts/application
  Rendered cats/show.html.erb within layouts/application (4.4ms)
Completed 200 OK in 332ms (Views: 283.7ms | ActiveRecord: 2.2ms)


Started GET "/cats/4/edit" for ::1 at 2020-09-04 16:28:07 -0700
Processing by CatsController#edit as HTML
  Parameters: {"id"=>"4"}
  [1m[36mCat Load (137.3ms)[0m  [1m[34mSELECT  "cats".* FROM "cats" WHERE "cats"."id" = $1 LIMIT $2[0m  [["id", 4], ["LIMIT", 1]]
  ↳ app/controllers/cats_controller.rb:19
  Rendering cats/edit.html.erb within layouts/application
  Rendered cats/edit.html.erb within layouts/application (1.3ms)
Completed 200 OK in 352ms (Views: 212.5ms | ActiveRecord: 137.3ms)


Started PATCH "/cats/4/cats_url" for ::1 at 2020-09-04 16:28:17 -0700
  
ActionController::RoutingError (No route matches [PATCH] "/cats/4/cats_url"):
  
actionpack (5.2.4.3) lib/action_dispatch/middleware/debug_exceptions.rb:65:in `call'
web-console (3.7.0) lib/web_console/middleware.rb:135:in `call_app'
web-console (3.7.0) lib/web_console/middleware.rb:30:in `block in call'
web-console (3.7.0) lib/web_console/middleware.rb:20:in `catch'
web-console (3.7.0) lib/web_console/middleware.rb:20:in `call'
actionpack (5.2.4.3) lib/action_dispatch/middleware/show_exceptions.rb:33:in `call'
railties (5.2.4.3) lib/rails/rack/logger.rb:38:in `call_app'
railties (5.2.4.3) lib/rails/rack/logger.rb:26:in `block in call'
activesupport (5.2.4.3) lib/active_support/tagged_logging.rb:71:in `block in tagged'
activesupport (5.2.4.3) lib/active_support/tagged_logging.rb:28:in `tagged'
activesupport (5.2.4.3) lib/active_support/tagged_logging.rb:71:in `tagged'
railties (5.2.4.3) lib/rails/rack/logger.rb:26:in `call'
sprockets-rails (3.2.1) lib/sprockets/rails/quiet_assets.rb:13:in `call'
actionpack (5.2.4.3) lib/action_dispatch/middleware/remote_ip.rb:81:in `call'
actionpack (5.2.4.3) lib/action_dispatch/middleware/request_id.rb:27:in `call'
rack (2.2.3) lib/rack/method_override.rb:24:in `call'
rack (2.2.3) lib/rack/runtime.rb:22:in `call'
activesupport (5.2.4.3) lib/active_support/cache/strategy/local_cache_middleware.rb:29:in `call'
actionpack (5.2.4.3) lib/action_dispatch/middleware/executor.rb:14:in `call'
actionpack (5.2.4.3) lib/action_dispatch/middleware/static.rb:127:in `call'
rack (2.2.3) lib/rack/sendfile.rb:110:in `call'
railties (5.2.4.3) lib/rails/engine.rb:524:in `call'
puma (3.12.6) lib/puma/configuration.rb:227:in `call'
puma (3.12.6) lib/puma/server.rb:706:in `handle_request'
puma (3.12.6) lib/puma/server.rb:476:in `process_client'
puma (3.12.6) lib/puma/server.rb:334:in `block in run'
puma (3.12.6) lib/puma/thread_pool.rb:135:in `block in spawn_thread'
Started GET "/cats/4/edit" for ::1 at 2020-09-04 16:29:51 -0700
Processing by CatsController#edit as HTML
  Parameters: {"id"=>"4"}
  [1m[36mCat Load (0.5ms)[0m  [1m[34mSELECT  "cats".* FROM "cats" WHERE "cats"."id" = $1 LIMIT $2[0m  [["id", 4], ["LIMIT", 1]]
  ↳ app/controllers/cats_controller.rb:19
  Rendering cats/edit.html.erb within layouts/application
  Rendered cats/edit.html.erb within layouts/application (1.2ms)
Completed 200 OK in 319ms (Views: 164.0ms | ActiveRecord: 110.1ms)


Started PATCH "/cats/4/cats_url" for ::1 at 2020-09-04 16:30:02 -0700
  
ActionController::RoutingError (No route matches [PATCH] "/cats/4/cats_url"):
  
actionpack (5.2.4.3) lib/action_dispatch/middleware/debug_exceptions.rb:65:in `call'
web-console (3.7.0) lib/web_console/middleware.rb:135:in `call_app'
web-console (3.7.0) lib/web_console/middleware.rb:30:in `block in call'
web-console (3.7.0) lib/web_console/middleware.rb:20:in `catch'
web-console (3.7.0) lib/web_console/middleware.rb:20:in `call'
actionpack (5.2.4.3) lib/action_dispatch/middleware/show_exceptions.rb:33:in `call'
railties (5.2.4.3) lib/rails/rack/logger.rb:38:in `call_app'
railties (5.2.4.3) lib/rails/rack/logger.rb:26:in `block in call'
activesupport (5.2.4.3) lib/active_support/tagged_logging.rb:71:in `block in tagged'
activesupport (5.2.4.3) lib/active_support/tagged_logging.rb:28:in `tagged'
activesupport (5.2.4.3) lib/active_support/tagged_logging.rb:71:in `tagged'
railties (5.2.4.3) lib/rails/rack/logger.rb:26:in `call'
sprockets-rails (3.2.1) lib/sprockets/rails/quiet_assets.rb:13:in `call'
actionpack (5.2.4.3) lib/action_dispatch/middleware/remote_ip.rb:81:in `call'
actionpack (5.2.4.3) lib/action_dispatch/middleware/request_id.rb:27:in `call'
rack (2.2.3) lib/rack/method_override.rb:24:in `call'
rack (2.2.3) lib/rack/runtime.rb:22:in `call'
activesupport (5.2.4.3) lib/active_support/cache/strategy/local_cache_middleware.rb:29:in `call'
actionpack (5.2.4.3) lib/action_dispatch/middleware/executor.rb:14:in `call'
actionpack (5.2.4.3) lib/action_dispatch/middleware/static.rb:127:in `call'
rack (2.2.3) lib/rack/sendfile.rb:110:in `call'
railties (5.2.4.3) lib/rails/engine.rb:524:in `call'
puma (3.12.6) lib/puma/configuration.rb:227:in `call'
puma (3.12.6) lib/puma/server.rb:706:in `handle_request'
puma (3.12.6) lib/puma/server.rb:476:in `process_client'
puma (3.12.6) lib/puma/server.rb:334:in `block in run'
puma (3.12.6) lib/puma/thread_pool.rb:135:in `block in spawn_thread'
Started PATCH "/cats/4/cats_url" for ::1 at 2020-09-04 16:30:32 -0700
  
ActionController::RoutingError (No route matches [PATCH] "/cats/4/cats_url"):
  
actionpack (5.2.4.3) lib/action_dispatch/middleware/debug_exceptions.rb:65:in `call'
web-console (3.7.0) lib/web_console/middleware.rb:135:in `call_app'
web-console (3.7.0) lib/web_console/middleware.rb:30:in `block in call'
web-console (3.7.0) lib/web_console/middleware.rb:20:in `catch'
web-console (3.7.0) lib/web_console/middleware.rb:20:in `call'
actionpack (5.2.4.3) lib/action_dispatch/middleware/show_exceptions.rb:33:in `call'
railties (5.2.4.3) lib/rails/rack/logger.rb:38:in `call_app'
railties (5.2.4.3) lib/rails/rack/logger.rb:26:in `block in call'
activesupport (5.2.4.3) lib/active_support/tagged_logging.rb:71:in `block in tagged'
activesupport (5.2.4.3) lib/active_support/tagged_logging.rb:28:in `tagged'
activesupport (5.2.4.3) lib/active_support/tagged_logging.rb:71:in `tagged'
railties (5.2.4.3) lib/rails/rack/logger.rb:26:in `call'
sprockets-rails (3.2.1) lib/sprockets/rails/quiet_assets.rb:13:in `call'
actionpack (5.2.4.3) lib/action_dispatch/middleware/remote_ip.rb:81:in `call'
actionpack (5.2.4.3) lib/action_dispatch/middleware/request_id.rb:27:in `call'
rack (2.2.3) lib/rack/method_override.rb:24:in `call'
rack (2.2.3) lib/rack/runtime.rb:22:in `call'
activesupport (5.2.4.3) lib/active_support/cache/strategy/local_cache_middleware.rb:29:in `call'
actionpack (5.2.4.3) lib/action_dispatch/middleware/executor.rb:14:in `call'
actionpack (5.2.4.3) lib/action_dispatch/middleware/static.rb:127:in `call'
rack (2.2.3) lib/rack/sendfile.rb:110:in `call'
railties (5.2.4.3) lib/rails/engine.rb:524:in `call'
puma (3.12.6) lib/puma/configuration.rb:227:in `call'
puma (3.12.6) lib/puma/server.rb:706:in `handle_request'
puma (3.12.6) lib/puma/server.rb:476:in `process_client'
puma (3.12.6) lib/puma/server.rb:334:in `block in run'
puma (3.12.6) lib/puma/thread_pool.rb:135:in `block in spawn_thread'
Started PATCH "/cats/4/cats_url" for ::1 at 2020-09-04 16:31:42 -0700
  
ActionController::RoutingError (No route matches [PATCH] "/cats/4/cats_url"):
  
actionpack (5.2.4.3) lib/action_dispatch/middleware/debug_exceptions.rb:65:in `call'
web-console (3.7.0) lib/web_console/middleware.rb:135:in `call_app'
web-console (3.7.0) lib/web_console/middleware.rb:30:in `block in call'
web-console (3.7.0) lib/web_console/middleware.rb:20:in `catch'
web-console (3.7.0) lib/web_console/middleware.rb:20:in `call'
actionpack (5.2.4.3) lib/action_dispatch/middleware/show_exceptions.rb:33:in `call'
railties (5.2.4.3) lib/rails/rack/logger.rb:38:in `call_app'
railties (5.2.4.3) lib/rails/rack/logger.rb:26:in `block in call'
activesupport (5.2.4.3) lib/active_support/tagged_logging.rb:71:in `block in tagged'
activesupport (5.2.4.3) lib/active_support/tagged_logging.rb:28:in `tagged'
activesupport (5.2.4.3) lib/active_support/tagged_logging.rb:71:in `tagged'
railties (5.2.4.3) lib/rails/rack/logger.rb:26:in `call'
sprockets-rails (3.2.1) lib/sprockets/rails/quiet_assets.rb:13:in `call'
actionpack (5.2.4.3) lib/action_dispatch/middleware/remote_ip.rb:81:in `call'
actionpack (5.2.4.3) lib/action_dispatch/middleware/request_id.rb:27:in `call'
rack (2.2.3) lib/rack/method_override.rb:24:in `call'
rack (2.2.3) lib/rack/runtime.rb:22:in `call'
activesupport (5.2.4.3) lib/active_support/cache/strategy/local_cache_middleware.rb:29:in `call'
actionpack (5.2.4.3) lib/action_dispatch/middleware/executor.rb:14:in `call'
actionpack (5.2.4.3) lib/action_dispatch/middleware/static.rb:127:in `call'
rack (2.2.3) lib/rack/sendfile.rb:110:in `call'
railties (5.2.4.3) lib/rails/engine.rb:524:in `call'
puma (3.12.6) lib/puma/configuration.rb:227:in `call'
puma (3.12.6) lib/puma/server.rb:706:in `handle_request'
puma (3.12.6) lib/puma/server.rb:476:in `process_client'
puma (3.12.6) lib/puma/server.rb:334:in `block in run'
puma (3.12.6) lib/puma/thread_pool.rb:135:in `block in spawn_thread'
Started PATCH "/cats/4/cats_url" for ::1 at 2020-09-04 16:32:08 -0700
  
ActionController::RoutingError (No route matches [PATCH] "/cats/4/cats_url"):
  
actionpack (5.2.4.3) lib/action_dispatch/middleware/debug_exceptions.rb:65:in `call'
web-console (3.7.0) lib/web_console/middleware.rb:135:in `call_app'
web-console (3.7.0) lib/web_console/middleware.rb:30:in `block in call'
web-console (3.7.0) lib/web_console/middleware.rb:20:in `catch'
web-console (3.7.0) lib/web_console/middleware.rb:20:in `call'
actionpack (5.2.4.3) lib/action_dispatch/middleware/show_exceptions.rb:33:in `call'
railties (5.2.4.3) lib/rails/rack/logger.rb:38:in `call_app'
railties (5.2.4.3) lib/rails/rack/logger.rb:26:in `block in call'
activesupport (5.2.4.3) lib/active_support/tagged_logging.rb:71:in `block in tagged'
activesupport (5.2.4.3) lib/active_support/tagged_logging.rb:28:in `tagged'
activesupport (5.2.4.3) lib/active_support/tagged_logging.rb:71:in `tagged'
railties (5.2.4.3) lib/rails/rack/logger.rb:26:in `call'
sprockets-rails (3.2.1) lib/sprockets/rails/quiet_assets.rb:13:in `call'
actionpack (5.2.4.3) lib/action_dispatch/middleware/remote_ip.rb:81:in `call'
actionpack (5.2.4.3) lib/action_dispatch/middleware/request_id.rb:27:in `call'
rack (2.2.3) lib/rack/method_override.rb:24:in `call'
rack (2.2.3) lib/rack/runtime.rb:22:in `call'
activesupport (5.2.4.3) lib/active_support/cache/strategy/local_cache_middleware.rb:29:in `call'
actionpack (5.2.4.3) lib/action_dispatch/middleware/executor.rb:14:in `call'
actionpack (5.2.4.3) lib/action_dispatch/middleware/static.rb:127:in `call'
rack (2.2.3) lib/rack/sendfile.rb:110:in `call'
railties (5.2.4.3) lib/rails/engine.rb:524:in `call'
puma (3.12.6) lib/puma/configuration.rb:227:in `call'
puma (3.12.6) lib/puma/server.rb:706:in `handle_request'
puma (3.12.6) lib/puma/server.rb:476:in `process_client'
puma (3.12.6) lib/puma/server.rb:334:in `block in run'
puma (3.12.6) lib/puma/thread_pool.rb:135:in `block in spawn_thread'
Started GET "/cats/4/edit" for ::1 at 2020-09-04 16:32:51 -0700
Processing by CatsController#edit as HTML
  Parameters: {"id"=>"4"}
  [1m[36mCat Load (2.4ms)[0m  [1m[34mSELECT  "cats".* FROM "cats" WHERE "cats"."id" = $1 LIMIT $2[0m  [["id", 4], ["LIMIT", 1]]
  ↳ app/controllers/cats_controller.rb:19
  Rendering cats/edit.html.erb within layouts/application
  Rendered cats/edit.html.erb within layouts/application (1.1ms)
Completed 200 OK in 71ms (Views: 31.3ms | ActiveRecord: 15.6ms)


Started PATCH "/cats/4" for ::1 at 2020-09-04 16:34:01 -0700
Processing by CatsController#update as HTML
  Parameters: {"cat"=>{"name"=>"mapa", "color"=>"pink", "sex"=>"F", "birth_date"=>"2020-01-07", "description"=>"bad\r\n        \r\n        "}, "id"=>"4"}
  [1m[36mCat Load (10.3ms)[0m  [1m[34mSELECT  "cats".* FROM "cats" WHERE "cats"."id" = $1 LIMIT $2[0m  [["id", 4], ["LIMIT", 1]]
  ↳ app/controllers/cats_controller.rb:35
  [1m[35m (22.1ms)[0m  [1m[35mBEGIN[0m
  ↳ app/controllers/cats_controller.rb:37
  [1m[36mCat Update (84.0ms)[0m  [1m[33mUPDATE "cats" SET "birth_date" = $1, "color" = $2, "description" = $3, "updated_at" = $4 WHERE "cats"."id" = $5[0m  [["birth_date", "2020-01-07"], ["color", "pink"], ["description", "bad\r\n        \r\n        "], ["updated_at", "2020-09-04 23:34:25.680805"], ["id", 4]]
  ↳ app/controllers/cats_controller.rb:37
  [1m[35m (71.2ms)[0m  [1m[35mCOMMIT[0m
  ↳ app/controllers/cats_controller.rb:37
Redirected to http://localhost:3000/cats/4
Completed 302 Found in 24824ms (ActiveRecord: 187.6ms)


Started GET "/cats/4" for ::1 at 2020-09-04 16:34:25 -0700
Processing by CatsController#show as HTML
  Parameters: {"id"=>"4"}
  [1m[36mCat Load (8.6ms)[0m  [1m[34mSELECT  "cats".* FROM "cats" WHERE "cats"."id" = $1 LIMIT $2[0m  [["id", 4], ["LIMIT", 1]]
  ↳ app/controllers/cats_controller.rb:9
  Rendering cats/show.html.erb within layouts/application
  Rendered cats/show.html.erb within layouts/application (3.9ms)
Completed 200 OK in 139ms (Views: 125.0ms | ActiveRecord: 8.6ms)


Started GET "/cats/4/edit" for ::1 at 2020-09-04 16:34:37 -0700
Processing by CatsController#edit as HTML
  Parameters: {"id"=>"4"}
  [1m[36mCat Load (0.4ms)[0m  [1m[34mSELECT  "cats".* FROM "cats" WHERE "cats"."id" = $1 LIMIT $2[0m  [["id", 4], ["LIMIT", 1]]
  ↳ app/controllers/cats_controller.rb:19
  Rendering cats/edit.html.erb within layouts/application
  Rendered cats/edit.html.erb within layouts/application (48.6ms)
Completed 200 OK in 495ms (Views: 310.7ms | ActiveRecord: 16.2ms)


Started PATCH "/cats/4" for ::1 at 2020-09-04 16:34:46 -0700
Processing by CatsController#update as HTML
  Parameters: {"cat"=>{"name"=>"carlos", "color"=>"pink", "sex"=>"F", "birth_date"=>"2020-01-07", "description"=>"            bad\r\n        \r\n        \r\n        "}, "id"=>"4"}
  [1m[36mCat Load (39.2ms)[0m  [1m[34mSELECT  "cats".* FROM "cats" WHERE "cats"."id" = $1 LIMIT $2[0m  [["id", 4], ["LIMIT", 1]]
  ↳ app/controllers/cats_controller.rb:35
  [1m[35m (34.6ms)[0m  [1m[35mBEGIN[0m
  ↳ app/controllers/cats_controller.rb:37
  [1m[36mCat Update (1.4ms)[0m  [1m[33mUPDATE "cats" SET "name" = $1, "description" = $2, "updated_at" = $3 WHERE "cats"."id" = $4[0m  [["name", "carlos"], ["description", "            bad\r\n        \r\n        \r\n        "], ["updated_at", "2020-09-04 23:34:46.280806"], ["id", 4]]
  ↳ app/controllers/cats_controller.rb:37
  [1m[35m (56.3ms)[0m  [1m[35mCOMMIT[0m
  ↳ app/controllers/cats_controller.rb:37
Redirected to http://localhost:3000/cats/4
Completed 302 Found in 140ms (ActiveRecord: 131.4ms)


Started GET "/cats/4" for ::1 at 2020-09-04 16:34:46 -0700
Processing by CatsController#show as HTML
  Parameters: {"id"=>"4"}
  [1m[36mCat Load (1.2ms)[0m  [1m[34mSELECT  "cats".* FROM "cats" WHERE "cats"."id" = $1 LIMIT $2[0m  [["id", 4], ["LIMIT", 1]]
  ↳ app/controllers/cats_controller.rb:9
  Rendering cats/show.html.erb within layouts/application
  Rendered cats/show.html.erb within layouts/application (2.4ms)
Completed 200 OK in 192ms (Views: 178.4ms | ActiveRecord: 1.2ms)


Started GET "/cats/new" for ::1 at 2020-09-04 16:36:28 -0700
Processing by CatsController#new as HTML
  Rendering cats/new.html.erb within layouts/application
  Rendered cats/new.html.erb within layouts/application (1.8ms)
Completed 200 OK in 96ms (Views: 87.6ms | ActiveRecord: 0.0ms)


Started POST "/cats" for ::1 at 2020-09-04 16:36:44 -0700
Processing by CatsController#create as HTML
  Parameters: {"cat"=>{"name"=>"", "color"=>"white", "sex"=>"F", "birth_date"=>"2020-08-30", "description"=>"blah\r\n        "}}
  [1m[35m (4.5ms)[0m  [1m[35mBEGIN[0m
  ↳ app/controllers/cats_controller.rb:25
  [1m[35m (0.3ms)[0m  [1m[31mROLLBACK[0m
  ↳ app/controllers/cats_controller.rb:25
  Rendering cats/new.html.erb within layouts/application
  Rendered cats/new.html.erb within layouts/application (1.1ms)
Completed 200 OK in 96ms (Views: 79.2ms | ActiveRecord: 4.8ms)


Started GET "/cats/new" for ::1 at 2020-09-04 16:38:37 -0700
Processing by CatsController#new as HTML
  Rendering cats/new.html.erb within layouts/application
  Rendered cats/new.html.erb within layouts/application (1.6ms)
Completed 200 OK in 116ms (Views: 115.5ms | ActiveRecord: 0.0ms)


Started POST "/cats" for ::1 at 2020-09-04 16:38:49 -0700
Processing by CatsController#create as HTML
  Parameters: {"cat"=>{"name"=>"mapa", "color"=>"black", "sex"=>"F", "birth_date"=>"2020-08-30", "description"=>"\r\n        "}}
  [1m[35m (1.1ms)[0m  [1m[35mBEGIN[0m
  ↳ app/controllers/cats_controller.rb:25
  [1m[35m (13.1ms)[0m  [1m[31mROLLBACK[0m
  ↳ app/controllers/cats_controller.rb:25
  Rendering cats/new.html.erb within layouts/application
  Rendered cats/new.html.erb within layouts/application (2.7ms)
Completed 200 OK in 117ms (Views: 91.8ms | ActiveRecord: 14.2ms)


Started GET "/cats/new" for ::1 at 2020-09-04 16:39:05 -0700
Processing by CatsController#new as HTML
  Rendering cats/new.html.erb within layouts/application
  Rendered cats/new.html.erb within layouts/application (2.3ms)
Completed 200 OK in 120ms (Views: 118.7ms | ActiveRecord: 0.0ms)


Started POST "/cats" for ::1 at 2020-09-04 16:40:13 -0700
Processing by CatsController#create as HTML
  Parameters: {"cat"=>{"name"=>"mapa", "color"=>"white", "sex"=>"F", "birth_date"=>"2020-09-01", "description"=>"\r\n        "}}
  [1m[35m (46.4ms)[0m  [1m[35mBEGIN[0m
  ↳ app/controllers/cats_controller.rb:25
  [1m[35m (1.4ms)[0m  [1m[31mROLLBACK[0m
  ↳ app/controllers/cats_controller.rb:25
  Rendering cats/new.html.erb within layouts/application
  Rendered cats/new.html.erb within layouts/application (7.7ms)
Completed 200 OK in 167ms (Views: 106.2ms | ActiveRecord: 47.7ms)


Started GET "/cats/new" for ::1 at 2020-09-04 16:58:55 -0700
Processing by CatsController#new as HTML
  Rendering cats/new.html.erb within layouts/application
  Rendered cats/_form.html.erb (9.8ms)
  Rendered cats/new.html.erb within layouts/application (28.6ms)
Completed 200 OK in 243ms (Views: 242.1ms | ActiveRecord: 0.0ms)


Started POST "/cats" for ::1 at 2020-09-04 16:59:08 -0700
Processing by CatsController#create as HTML
  Parameters: {"cat"=>{"name"=>"lina", "color"=>"black", "sex"=>"M", "birth_date"=>"2020-01-31", "description"=>"blah            \r\n        "}}
  [1m[35m (4.8ms)[0m  [1m[35mBEGIN[0m
  ↳ app/controllers/cats_controller.rb:25
  [1m[36mCat Create (8.4ms)[0m  [1m[32mINSERT INTO "cats" ("birth_date", "color", "name", "sex", "description", "created_at", "updated_at") VALUES ($1, $2, $3, $4, $5, $6, $7) RETURNING "id"[0m  [["birth_date", "2020-01-31"], ["color", "black"], ["name", "lina"], ["sex", "M"], ["description", "blah            \r\n        "], ["created_at", "2020-09-04 23:59:08.963280"], ["updated_at", "2020-09-04 23:59:08.963280"]]
  ↳ app/controllers/cats_controller.rb:25
  [1m[35m (22.7ms)[0m  [1m[35mCOMMIT[0m
  ↳ app/controllers/cats_controller.rb:25
Redirected to http://localhost:3000/cats/5
Completed 302 Found in 57ms (ActiveRecord: 35.9ms)


Started GET "/cats/5" for ::1 at 2020-09-04 16:59:09 -0700
Processing by CatsController#show as HTML
  Parameters: {"id"=>"5"}
  [1m[36mCat Load (0.6ms)[0m  [1m[34mSELECT  "cats".* FROM "cats" WHERE "cats"."id" = $1 LIMIT $2[0m  [["id", 5], ["LIMIT", 1]]
  ↳ app/controllers/cats_controller.rb:9
  Rendering cats/show.html.erb within layouts/application
  Rendered cats/show.html.erb within layouts/application (1.0ms)
Completed 200 OK in 100ms (Views: 87.9ms | ActiveRecord: 1.0ms)


Started GET "/cats/5/edit" for ::1 at 2020-09-04 16:59:14 -0700
Processing by CatsController#edit as HTML
  Parameters: {"id"=>"5"}
  [1m[36mCat Load (13.8ms)[0m  [1m[34mSELECT  "cats".* FROM "cats" WHERE "cats"."id" = $1 LIMIT $2[0m  [["id", 5], ["LIMIT", 1]]
  ↳ app/controllers/cats_controller.rb:19
  Rendering cats/edit.html.erb within layouts/application
  Rendered cats/_form.html.erb (2.0ms)
  Rendered cats/edit.html.erb within layouts/application (15.0ms)
Completed 200 OK in 144ms (Views: 127.0ms | ActiveRecord: 13.8ms)


Started POST "/cats" for ::1 at 2020-09-04 16:59:28 -0700
Processing by CatsController#create as HTML
  Parameters: {"cat"=>{"name"=>"lina", "color"=>"black", "sex"=>"F", "birth_date"=>"2019-01-07", "description"=>"            blah            \r\n        \r\n        "}}
  [1m[35m (1.2ms)[0m  [1m[35mBEGIN[0m
  ↳ app/controllers/cats_controller.rb:25
  [1m[36mCat Create (9.8ms)[0m  [1m[32mINSERT INTO "cats" ("birth_date", "color", "name", "sex", "description", "created_at", "updated_at") VALUES ($1, $2, $3, $4, $5, $6, $7) RETURNING "id"[0m  [["birth_date", "2019-01-07"], ["color", "black"], ["name", "lina"], ["sex", "F"], ["description", "            blah            \r\n        \r\n        "], ["created_at", "2020-09-04 23:59:28.462608"], ["updated_at", "2020-09-04 23:59:28.462608"]]
  ↳ app/controllers/cats_controller.rb:25
  [1m[35m (16.2ms)[0m  [1m[35mCOMMIT[0m
  ↳ app/controllers/cats_controller.rb:25
Redirected to http://localhost:3000/cats/6
Completed 302 Found in 38ms (ActiveRecord: 27.1ms)


Started GET "/cats/6" for ::1 at 2020-09-04 16:59:28 -0700
Processing by CatsController#show as HTML
  Parameters: {"id"=>"6"}
  [1m[36mCat Load (11.8ms)[0m  [1m[34mSELECT  "cats".* FROM "cats" WHERE "cats"."id" = $1 LIMIT $2[0m  [["id", 6], ["LIMIT", 1]]
  ↳ app/controllers/cats_controller.rb:9
  Rendering cats/show.html.erb within layouts/application
  Rendered cats/show.html.erb within layouts/application (8.7ms)
Completed 200 OK in 78ms (Views: 64.0ms | ActiveRecord: 11.8ms)


