  [1m[35m (1041.9ms)[0m  [1m[35mCREATE DATABASE "URLShortener_development" ENCODING = 'unicode'[0m
  ↳ bin/rails:9
  [1m[35m (1252.2ms)[0m  [1m[35mCREATE DATABASE "URLShortener_test" ENCODING = 'unicode'[0m
  ↳ bin/rails:9
  [1m[35m (25.2ms)[0m  [1m[35mCREATE TABLE "schema_migrations" ("version" character varying NOT NULL PRIMARY KEY)[0m
  ↳ bin/rails:9
  [1m[35m (4.0ms)[0m  [1m[35mCREATE TABLE "ar_internal_metadata" ("key" character varying NOT NULL PRIMARY KEY, "value" character varying, "created_at" timestamp NOT NULL, "updated_at" timestamp NOT NULL)[0m
  ↳ bin/rails:9
  [1m[35m (0.8ms)[0m  [1m[34mSELECT pg_try_advisory_lock(4762635147840476445)[0m
  ↳ bin/rails:9
  [1m[35m (2.7ms)[0m  [1m[34mSELECT "schema_migrations"."version" FROM "schema_migrations" ORDER BY "schema_migrations"."version" ASC[0m
  ↳ bin/rails:9
Migrating to CreateUsers (20200827223721)
  [1m[35m (0.2ms)[0m  [1m[35mBEGIN[0m
  ↳ bin/rails:9
  [1m[35m (20.5ms)[0m  [1m[35mCREATE TABLE "users" ("id" bigserial primary key, "email" character varying NOT NULL, "created_at" timestamp NOT NULL, "updated_at" timestamp NOT NULL)[0m
  ↳ db/migrate/20200827223721_create_users.rb:3
  [1m[35m (12.4ms)[0m  [1m[35mCREATE UNIQUE INDEX  "index_users_on_email" ON "users"  ("email")[0m
  ↳ db/migrate/20200827223721_create_users.rb:8
  [1m[36mActiveRecord::SchemaMigration Create (1.0ms)[0m  [1m[32mINSERT INTO "schema_migrations" ("version") VALUES ($1) RETURNING "version"[0m  [["version", "20200827223721"]]
  ↳ bin/rails:9
  [1m[35m (0.5ms)[0m  [1m[35mCOMMIT[0m
  ↳ bin/rails:9
  [1m[36mActiveRecord::InternalMetadata Load (2.9ms)[0m  [1m[34mSELECT  "ar_internal_metadata".* FROM "ar_internal_metadata" WHERE "ar_internal_metadata"."key" = $1 LIMIT $2[0m  [["key", "environment"], ["LIMIT", 1]]
  ↳ bin/rails:9
  [1m[35m (0.2ms)[0m  [1m[35mBEGIN[0m
  ↳ bin/rails:9
  [1m[36mActiveRecord::InternalMetadata Create (6.6ms)[0m  [1m[32mINSERT INTO "ar_internal_metadata" ("key", "value", "created_at", "updated_at") VALUES ($1, $2, $3, $4) RETURNING "key"[0m  [["key", "environment"], ["value", "development"], ["created_at", "2020-08-27 22:41:48.671955"], ["updated_at", "2020-08-27 22:41:48.671955"]]
  ↳ bin/rails:9
  [1m[35m (3.6ms)[0m  [1m[35mCOMMIT[0m
  ↳ bin/rails:9
  [1m[35m (0.4ms)[0m  [1m[34mSELECT pg_advisory_unlock(4762635147840476445)[0m
  ↳ bin/rails:9
  [1m[35m (0.3ms)[0m  [1m[34mSELECT "schema_migrations"."version" FROM "schema_migrations" ORDER BY "schema_migrations"."version" ASC[0m
  ↳ bin/rails:9
  [1m[35m (2.3ms)[0m  [1m[34mSELECT "schema_migrations"."version" FROM "schema_migrations" ORDER BY "schema_migrations"."version" ASC[0m
  ↳ bin/rails:9
  [1m[35m (1.6ms)[0m  [1m[34mSELECT "schema_migrations"."version" FROM "schema_migrations" ORDER BY "schema_migrations"."version" ASC[0m
  ↳ bin/rails:9
  [1m[35m (0.6ms)[0m  [1m[35mBEGIN[0m
  [1m[36mUser Exists (1.6ms)[0m  [1m[34mSELECT  1 AS one FROM "users" WHERE "users"."email" IS NULL LIMIT $1[0m  [["LIMIT", 1]]
  [1m[35m (1.6ms)[0m  [1m[31mROLLBACK[0m
  [1m[35m (0.2ms)[0m  [1m[35mBEGIN[0m
  [1m[36mUser Exists (1.0ms)[0m  [1m[34mSELECT  1 AS one FROM "users" WHERE "users"."email" IS NULL LIMIT $1[0m  [["LIMIT", 1]]
  [1m[35m (4.9ms)[0m  [1m[31mROLLBACK[0m
  [1m[35m (1.0ms)[0m  [1m[35mBEGIN[0m
  [1m[36mUser Exists (2.8ms)[0m  [1m[34mSELECT  1 AS one FROM "users" WHERE "users"."email" = $1 LIMIT $2[0m  [["email", "mapa@mapa.com"], ["LIMIT", 1]]
  [1m[36mUser Create (2.5ms)[0m  [1m[32mINSERT INTO "users" ("email", "created_at", "updated_at") VALUES ($1, $2, $3) RETURNING "id"[0m  [["email", "mapa@mapa.com"], ["created_at", "2020-08-27 23:17:13.430967"], ["updated_at", "2020-08-27 23:17:13.430967"]]
  [1m[35m (1.8ms)[0m  [1m[35mCOMMIT[0m
  [1m[36mUser Load (0.4ms)[0m  [1m[34mSELECT "users".* FROM "users"[0m
  [1m[35m (0.2ms)[0m  [1m[35mBEGIN[0m
  [1m[36mUser Exists (0.4ms)[0m  [1m[34mSELECT  1 AS one FROM "users" WHERE "users"."email" = $1 LIMIT $2[0m  [["email", "mapa@mapa.com"], ["LIMIT", 1]]
  [1m[35m (1.2ms)[0m  [1m[31mROLLBACK[0m
  [1m[35m (0.2ms)[0m  [1m[35mBEGIN[0m
  [1m[36mUser Exists (0.7ms)[0m  [1m[34mSELECT  1 AS one FROM "users" WHERE "users"."email" = $1 LIMIT $2[0m  [["email", "mapa@mapa.com"], ["LIMIT", 1]]
  [1m[35m (2.4ms)[0m  [1m[31mROLLBACK[0m
  [1m[35m (0.2ms)[0m  [1m[34mSELECT pg_try_advisory_lock(4762635147840476445)[0m
  ↳ bin/rails:9
  [1m[35m (1.4ms)[0m  [1m[34mSELECT "schema_migrations"."version" FROM "schema_migrations" ORDER BY "schema_migrations"."version" ASC[0m
  ↳ bin/rails:9
Migrating to CreateShortenedUrls (20200827231953)
  [1m[35m (0.2ms)[0m  [1m[35mBEGIN[0m
  ↳ bin/rails:9
  [1m[35m (48.1ms)[0m  [1m[35mCREATE TABLE "shortened_urls" ("id" bigserial primary key, "long_url" character varying NOT NULL, "short_url" character varying NOT NULL, "user_id" integer NOT NULL, "created_at" timestamp NOT NULL, "updated_at" timestamp NOT NULL)[0m
  ↳ db/migrate/20200827231953_create_shortened_urls.rb:3
  [1m[35m (24.3ms)[0m  [1m[31mROLLBACK[0m
  ↳ bin/rails:9
  [1m[35m (0.5ms)[0m  [1m[34mSELECT pg_advisory_unlock(4762635147840476445)[0m
  ↳ bin/rails:9
  [1m[35m (0.4ms)[0m  [1m[34mSELECT pg_try_advisory_lock(4762635147840476445)[0m
  ↳ bin/rails:9
  [1m[35m (1.3ms)[0m  [1m[34mSELECT "schema_migrations"."version" FROM "schema_migrations" ORDER BY "schema_migrations"."version" ASC[0m
  ↳ bin/rails:9
Migrating to CreateShortenedUrls (20200827231953)
  [1m[35m (0.7ms)[0m  [1m[35mBEGIN[0m
  ↳ bin/rails:9
  [1m[35m (22.1ms)[0m  [1m[35mCREATE TABLE "shortened_urls" ("id" bigserial primary key, "long_url" character varying NOT NULL, "short_url" character varying NOT NULL, "user_id" integer NOT NULL, "created_at" timestamp NOT NULL, "updated_at" timestamp NOT NULL)[0m
  ↳ db/migrate/20200827231953_create_shortened_urls.rb:3
  [1m[35m (48.7ms)[0m  [1m[31mROLLBACK[0m
  ↳ bin/rails:9
  [1m[35m (0.4ms)[0m  [1m[34mSELECT pg_advisory_unlock(4762635147840476445)[0m
  ↳ bin/rails:9
  [1m[35m (0.2ms)[0m  [1m[34mSELECT pg_try_advisory_lock(4762635147840476445)[0m
  ↳ bin/rails:9
  [1m[35m (17.7ms)[0m  [1m[34mSELECT "schema_migrations"."version" FROM "schema_migrations" ORDER BY "schema_migrations"."version" ASC[0m
  ↳ bin/rails:9
Migrating to CreateShortenedUrls (20200827231953)
  [1m[35m (0.2ms)[0m  [1m[35mBEGIN[0m
  ↳ bin/rails:9
  [1m[35m (119.6ms)[0m  [1m[35mCREATE TABLE "shortened_urls" ("id" bigserial primary key, "long_url" character varying NOT NULL, "short_url" character varying NOT NULL, "user_id" integer NOT NULL, "created_at" timestamp NOT NULL, "updated_at" timestamp NOT NULL)[0m
  ↳ db/migrate/20200827231953_create_shortened_urls.rb:3
  [1m[35m (3.1ms)[0m  [1m[35mCREATE UNIQUE INDEX  "index_shortened_urls_on_user_id" ON "shortened_urls"  ("user_id")[0m
  ↳ db/migrate/20200827231953_create_shortened_urls.rb:10
  [1m[36mActiveRecord::SchemaMigration Create (0.9ms)[0m  [1m[32mINSERT INTO "schema_migrations" ("version") VALUES ($1) RETURNING "version"[0m  [["version", "20200827231953"]]
  ↳ bin/rails:9
  [1m[35m (2.1ms)[0m  [1m[35mCOMMIT[0m
  ↳ bin/rails:9
  [1m[36mActiveRecord::InternalMetadata Load (4.6ms)[0m  [1m[34mSELECT  "ar_internal_metadata".* FROM "ar_internal_metadata" WHERE "ar_internal_metadata"."key" = $1 LIMIT $2[0m  [["key", "environment"], ["LIMIT", 1]]
  ↳ bin/rails:9
  [1m[35m (0.8ms)[0m  [1m[35mBEGIN[0m
  ↳ bin/rails:9
  [1m[35m (7.1ms)[0m  [1m[35mCOMMIT[0m
  ↳ bin/rails:9
  [1m[35m (3.7ms)[0m  [1m[34mSELECT pg_advisory_unlock(4762635147840476445)[0m
  ↳ bin/rails:9
  [1m[35m (0.3ms)[0m  [1m[34mSELECT "schema_migrations"."version" FROM "schema_migrations" ORDER BY "schema_migrations"."version" ASC[0m
  ↳ bin/rails:9
